{"total": {"lines":{"total":23566,"covered":40,"skipped":0,"pct":0.17},"statements":{"total":24631,"covered":41,"skipped":0,"pct":0.17},"functions":{"total":3636,"covered":9,"skipped":0,"pct":0.25},"branches":{"total":14416,"covered":10,"skipped":0,"pct":0.07}}
,"/Users/admin/Documents/online_course_app/src/App.js": {"lines":{"total":1,"covered":0,"skipped":0,"pct":0},"functions":{"total":1,"covered":0,"skipped":0,"pct":0},"statements":{"total":1,"covered":0,"skipped":0,"pct":0},"branches":{"total":0,"covered":0,"skipped":0,"pct":100}}
,"/Users/admin/Documents/online_course_app/src/history.js": {"lines":{"total":0,"covered":0,"skipped":0,"pct":100},"functions":{"total":0,"covered":0,"skipped":0,"pct":100},"statements":{"total":0,"covered":0,"skipped":0,"pct":100},"branches":{"total":0,"covered":0,"skipped":0,"pct":100}}
,"/Users/admin/Documents/online_course_app/src/index.js": {"lines":{"total":2,"covered":0,"skipped":0,"pct":0},"functions":{"total":0,"covered":0,"skipped":0,"pct":100},"statements":{"total":2,"covered":0,"skipped":0,"pct":0},"branches":{"total":0,"covered":0,"skipped":0,"pct":100}}
,"/Users/admin/Documents/online_course_app/src/UI/LoadingIndicator.js": {"lines":{"total":2,"covered":2,"skipped":0,"pct":100},"functions":{"total":1,"covered":1,"skipped":0,"pct":100},"statements":{"total":2,"covered":2,"skipped":0,"pct":100},"branches":{"total":0,"covered":0,"skipped":0,"pct":100}}
,"/Users/admin/Documents/online_course_app/src/UI/NavigationBar.js": {"lines":{"total":2,"covered":2,"skipped":0,"pct":100},"functions":{"total":1,"covered":1,"skipped":0,"pct":100},"statements":{"total":2,"covered":2,"skipped":0,"pct":100},"branches":{"total":2,"covered":1,"skipped":0,"pct":50}}
,"/Users/admin/Documents/online_course_app/src/UI/loginForm.js": {"lines":{"total":14,"covered":0,"skipped":0,"pct":0},"functions":{"total":6,"covered":0,"skipped":0,"pct":0},"statements":{"total":14,"covered":0,"skipped":0,"pct":0},"branches":{"total":0,"covered":0,"skipped":0,"pct":100}}
,"/Users/admin/Documents/online_course_app/src/components/CourseList/CourseList.js": {"lines":{"total":18,"covered":9,"skipped":0,"pct":50},"functions":{"total":7,"covered":2,"skipped":0,"pct":28.57},"statements":{"total":19,"covered":9,"skipped":0,"pct":47.37},"branches":{"total":6,"covered":2,"skipped":0,"pct":33.33}}
,"/Users/admin/Documents/online_course_app/src/components/MyCourses/MyCourses.js": {"lines":{"total":70,"covered":13,"skipped":0,"pct":18.57},"functions":{"total":32,"covered":3,"skipped":0,"pct":9.38},"statements":{"total":75,"covered":14,"skipped":0,"pct":18.67},"branches":{"total":8,"covered":4,"skipped":0,"pct":50}}
,"/Users/admin/Documents/online_course_app/src/components/SelectedCourse/SelectedCourse.js": {"lines":{"total":49,"covered":14,"skipped":0,"pct":28.57},"functions":{"total":8,"covered":2,"skipped":0,"pct":25},"statements":{"total":49,"covered":14,"skipped":0,"pct":28.57},"branches":{"total":15,"covered":3,"skipped":0,"pct":20}}
,"/Users/admin/Documents/online_course_app/src/resources/React App_files/bundle.js": {"lines":{"total":493,"covered":0,"skipped":0,"pct":0},"functions":{"total":77,"covered":0,"skipped":0,"pct":0},"statements":{"total":550,"covered":0,"skipped":0,"pct":0},"branches":{"total":297,"covered":0,"skipped":0,"pct":0}}
,"/Users/admin/Documents/online_course_app/src/resources/React App_files/main.06c9c579fa0f63f4f163.hot-update.js": {"lines":{"total":45,"covered":0,"skipped":0,"pct":0},"functions":{"total":6,"covered":0,"skipped":0,"pct":0},"statements":{"total":46,"covered":0,"skipped":0,"pct":0},"branches":{"total":30,"covered":0,"skipped":0,"pct":0}}
,"/Users/admin/Documents/online_course_app/src/resources/React App_files/main.29ffb1b2cae6d1d19813.hot-update.js": {"lines":{"total":45,"covered":0,"skipped":0,"pct":0},"functions":{"total":6,"covered":0,"skipped":0,"pct":0},"statements":{"total":46,"covered":0,"skipped":0,"pct":0},"branches":{"total":30,"covered":0,"skipped":0,"pct":0}}
,"/Users/admin/Documents/online_course_app/src/resources/React App_files/main.3d1b007e429f0bf6e949.hot-update.js": {"lines":{"total":47,"covered":0,"skipped":0,"pct":0},"functions":{"total":7,"covered":0,"skipped":0,"pct":0},"statements":{"total":48,"covered":0,"skipped":0,"pct":0},"branches":{"total":30,"covered":0,"skipped":0,"pct":0}}
,"/Users/admin/Documents/online_course_app/src/resources/React App_files/main.8b53d7b3408882807809.hot-update.js": {"lines":{"total":45,"covered":0,"skipped":0,"pct":0},"functions":{"total":6,"covered":0,"skipped":0,"pct":0},"statements":{"total":46,"covered":0,"skipped":0,"pct":0},"branches":{"total":30,"covered":0,"skipped":0,"pct":0}}
,"/Users/admin/Documents/online_course_app/src/resources/React App_files/main.ccd92351db6fb39535fe.hot-update.js": {"lines":{"total":45,"covered":0,"skipped":0,"pct":0},"functions":{"total":6,"covered":0,"skipped":0,"pct":0},"statements":{"total":46,"covered":0,"skipped":0,"pct":0},"branches":{"total":30,"covered":0,"skipped":0,"pct":0}}
,"/Users/admin/Documents/online_course_app/src/resources/React App_files/main.chunk.js": {"lines":{"total":304,"covered":0,"skipped":0,"pct":0},"functions":{"total":48,"covered":0,"skipped":0,"pct":0},"statements":{"total":310,"covered":0,"skipped":0,"pct":0},"branches":{"total":228,"covered":0,"skipped":0,"pct":0}}
,"/Users/admin/Documents/online_course_app/src/resources/React App_files/main.e965b26830337c5f77ce.hot-update.js": {"lines":{"total":47,"covered":0,"skipped":0,"pct":0},"functions":{"total":7,"covered":0,"skipped":0,"pct":0},"statements":{"total":48,"covered":0,"skipped":0,"pct":0},"branches":{"total":30,"covered":0,"skipped":0,"pct":0}}
,"/Users/admin/Documents/online_course_app/src/resources/React App_files/main.f335e219e5cc281d0f5d.hot-update.js": {"lines":{"total":45,"covered":0,"skipped":0,"pct":0},"functions":{"total":6,"covered":0,"skipped":0,"pct":0},"statements":{"total":46,"covered":0,"skipped":0,"pct":0},"branches":{"total":30,"covered":0,"skipped":0,"pct":0}}
,"/Users/admin/Documents/online_course_app/src/resources/React App_files/vendors_main.chunk.js": {"lines":{"total":22292,"covered":0,"skipped":0,"pct":0},"functions":{"total":3411,"covered":0,"skipped":0,"pct":0},"statements":{"total":23281,"covered":0,"skipped":0,"pct":0},"branches":{"total":13650,"covered":0,"skipped":0,"pct":0}}
}
