TN:
SF:src/App.js
FN:11,App
FNF:1
FNH:0
FNDA:0,App
DA:12,0
LF:1
LH:0
BRF:0
BRH:0
end_of_record
TN:
SF:src/history.js
FNF:0
FNH:0
LF:0
LH:0
BRF:0
BRH:0
end_of_record
TN:
SF:src/index.js
FNF:0
FNH:0
DA:8,0
DA:18,0
LF:2
LH:0
BRF:0
BRH:0
end_of_record
TN:
SF:src/reportWebVitals.js
FN:1,(anonymous_0)
FN:3,(anonymous_1)
FNF:2
FNH:0
FNDA:0,(anonymous_0)
FNDA:0,(anonymous_1)
DA:1,0
DA:2,0
DA:3,0
DA:4,0
DA:5,0
DA:6,0
DA:7,0
DA:8,0
LF:8
LH:0
BRDA:2,0,0,0
BRDA:2,0,1,0
BRDA:2,1,0,0
BRDA:2,1,1,0
BRF:4
BRH:0
end_of_record
TN:
SF:src/UI/LoadingIndicator.js
FN:5,(anonymous_0)
FNF:1
FNH:1
FNDA:9,(anonymous_0)
DA:5,3
DA:6,9
LF:2
LH:2
BRF:0
BRH:0
end_of_record
TN:
SF:src/UI/NavigationBar.js
FN:5,(anonymous_0)
FNF:1
FNH:1
FNDA:12,(anonymous_0)
DA:5,3
DA:6,12
LF:2
LH:2
BRDA:11,0,0,12
BRDA:11,0,1,0
BRF:2
BRH:1
end_of_record
TN:
SF:src/UI/loginForm.js
FN:6,(anonymous_0)
FN:12,(anonymous_1)
FN:15,(anonymous_2)
FN:27,(anonymous_3)
FN:54,(anonymous_4)
FN:70,(anonymous_5)
FNF:6
FNH:0
FNDA:0,(anonymous_0)
FNDA:0,(anonymous_1)
FNDA:0,(anonymous_2)
FNDA:0,(anonymous_3)
FNDA:0,(anonymous_4)
FNDA:0,(anonymous_5)
DA:6,0
DA:7,0
DA:11,0
DA:12,0
DA:13,0
DA:15,0
DA:16,0
DA:17,0
DA:19,0
DA:28,0
DA:32,0
DA:35,0
DA:54,0
DA:70,0
LF:14
LH:0
BRF:0
BRH:0
end_of_record
TN:
SF:src/components/CourseList/CourseList.js
FN:7,(anonymous_0)
FN:11,(anonymous_1)
FN:20,(anonymous_2)
FN:21,(anonymous_3)
FN:41,(anonymous_4)
FN:56,(anonymous_5)
FN:57,(anonymous_6)
FNF:7
FNH:5
FNDA:9,(anonymous_0)
FNDA:3,(anonymous_1)
FNDA:1,(anonymous_2)
FNDA:1,(anonymous_3)
FNDA:0,(anonymous_4)
FNDA:8,(anonymous_5)
FNDA:0,(anonymous_6)
DA:7,1
DA:8,9
DA:9,8
DA:11,8
DA:12,3
DA:13,3
DA:14,3
DA:20,1
DA:22,1
DA:23,1
DA:24,1
DA:25,8
DA:34,1
DA:37,0
DA:41,8
DA:42,0
DA:48,8
DA:57,8
LF:18
LH:16
BRDA:51,0,0,8
BRDA:51,0,1,6
BRDA:59,1,0,0
BRDA:59,1,1,8
BRDA:64,2,0,0
BRDA:64,2,1,8
BRF:6
BRH:4
end_of_record
TN:
SF:src/components/MyCourses/MyCourses.js
FN:7,(anonymous_0)
FN:13,(anonymous_1)
FN:16,(anonymous_2)
FN:22,(anonymous_3)
FN:23,(anonymous_4)
FN:25,(anonymous_5)
FN:39,(anonymous_6)
FN:43,(anonymous_7)
FN:55,(anonymous_8)
FN:61,(anonymous_9)
FN:62,(anonymous_10)
FN:91,(anonymous_11)
FN:92,(anonymous_12)
FN:94,(anonymous_13)
FN:95,(anonymous_14)
FN:97,(anonymous_15)
FN:98,(anonymous_16)
FN:105,(anonymous_17)
FN:112,(anonymous_18)
FN:113,(anonymous_19)
FN:134,(anonymous_20)
FN:136,(anonymous_21)
FN:137,(anonymous_22)
FN:139,(anonymous_23)
FN:140,(anonymous_24)
FN:152,(anonymous_25)
FN:162,(anonymous_26)
FN:180,(anonymous_27)
FN:187,(anonymous_28)
FN:202,(anonymous_29)
FN:219,(anonymous_30)
FN:226,(anonymous_31)
FNF:32
FNH:3
FNDA:3,(anonymous_0)
FNDA:1,(anonymous_1)
FNDA:1,(anonymous_2)
FNDA:0,(anonymous_3)
FNDA:0,(anonymous_4)
FNDA:0,(anonymous_5)
FNDA:0,(anonymous_6)
FNDA:0,(anonymous_7)
FNDA:0,(anonymous_8)
FNDA:0,(anonymous_9)
FNDA:0,(anonymous_10)
FNDA:0,(anonymous_11)
FNDA:0,(anonymous_12)
FNDA:0,(anonymous_13)
FNDA:0,(anonymous_14)
FNDA:0,(anonymous_15)
FNDA:0,(anonymous_16)
FNDA:0,(anonymous_17)
FNDA:0,(anonymous_18)
FNDA:0,(anonymous_19)
FNDA:0,(anonymous_20)
FNDA:0,(anonymous_21)
FNDA:0,(anonymous_22)
FNDA:0,(anonymous_23)
FNDA:0,(anonymous_24)
FNDA:0,(anonymous_25)
FNDA:0,(anonymous_26)
FNDA:0,(anonymous_27)
FNDA:0,(anonymous_28)
FNDA:0,(anonymous_29)
FNDA:0,(anonymous_30)
FNDA:0,(anonymous_31)
DA:7,1
DA:8,3
DA:9,2
DA:10,2
DA:11,2
DA:13,2
DA:16,2
DA:17,1
DA:18,1
DA:19,1
DA:22,0
DA:24,0
DA:25,0
DA:26,0
DA:28,0
DA:29,0
DA:30,0
DA:39,0
DA:40,0
DA:43,0
DA:44,0
DA:46,0
DA:47,0
DA:48,0
DA:51,0
DA:55,2
DA:56,0
DA:58,0
DA:61,0
DA:64,0
DA:65,0
DA:66,0
DA:67,0
DA:68,0
DA:69,0
DA:70,0
DA:71,0
DA:74,0
DA:75,0
DA:83,0
DA:91,0
DA:93,0
DA:94,0
DA:95,0
DA:97,0
DA:98,0
DA:105,2
DA:106,0
DA:109,0
DA:112,0
DA:114,0
DA:115,0
DA:116,0
DA:117,0
DA:118,0
DA:129,0
DA:135,0
DA:136,0
DA:137,0
DA:139,0
DA:140,0
DA:146,2
DA:153,0
DA:154,0
DA:163,0
DA:180,0
DA:187,0
DA:203,0
DA:219,0
DA:226,0
LF:70
LH:13
BRDA:64,0,0,0
BRDA:64,0,1,0
BRDA:68,1,0,0
BRDA:68,1,1,0
BRDA:159,2,0,2
BRDA:159,2,1,1
BRDA:200,3,0,2
BRDA:200,3,1,1
BRF:8
BRH:4
end_of_record
TN:
SF:src/components/SelectedCourse/SelectedCourse.js
FN:10,(anonymous_0)
FN:19,(anonymous_1)
FN:31,(anonymous_2)
FN:32,(anonymous_3)
FN:74,(anonymous_4)
FN:94,(anonymous_5)
FN:126,(anonymous_6)
FN:133,(anonymous_7)
FNF:8
FNH:2
FNDA:3,(anonymous_0)
FNDA:1,(anonymous_1)
FNDA:0,(anonymous_2)
FNDA:0,(anonymous_3)
FNDA:0,(anonymous_4)
FNDA:0,(anonymous_5)
FNDA:0,(anonymous_6)
FNDA:0,(anonymous_7)
DA:10,3
DA:11,3
DA:12,2
DA:13,2
DA:14,2
DA:15,2
DA:16,2
DA:17,2
DA:19,2
DA:20,1
DA:23,1
DA:24,1
DA:31,0
DA:33,0
DA:34,0
DA:35,0
DA:36,0
DA:37,0
DA:38,0
DA:39,0
DA:40,0
DA:41,0
DA:45,0
DA:46,0
DA:47,0
DA:49,0
DA:50,0
DA:51,0
DA:53,0
DA:54,0
DA:55,0
DA:56,0
DA:66,0
DA:67,0
DA:70,0
DA:74,2
DA:75,0
DA:76,0
DA:77,0
DA:86,0
DA:95,0
DA:108,0
DA:109,0
DA:110,0
DA:111,0
DA:112,0
DA:116,2
DA:126,0
DA:134,0
LF:49
LH:14
BRDA:33,0,0,0
BRDA:33,0,1,0
BRDA:37,1,0,0
BRDA:37,1,1,0
BRDA:41,2,0,0
BRDA:41,2,1,0
BRDA:42,3,0,0
BRDA:42,3,1,0
BRDA:42,3,2,0
BRDA:55,4,0,0
BRDA:55,4,1,0
BRDA:120,5,0,2
BRDA:120,5,1,1
BRDA:121,6,0,2
BRDA:121,6,1,0
BRF:15
BRH:3
end_of_record
TN:
SF:src/resources/React App_files/bundle.js
FN:1,(anonymous_0)
FN:3,webpackJsonpCallback
FN:35,checkDeferredModules
FN:52,hotDisposeChunk
FN:57,webpackHotUpdateCallback
FN:63,hotDownloadUpdateChunk
FN:72,hotDownloadManifest
FN:74,(anonymous_7)
FN:87,(anonymous_8)
FN:126,hotCreateRequire
FN:129,(anonymous_10)
FN:153,ObjectFactory
FN:157,(anonymous_12)
FN:160,(anonymous_13)
FN:174,(anonymous_14)
FN:177,(anonymous_15)
FN:182,finishChunkLoading
FN:194,(anonymous_17)
FN:202,hotCreateModule
FN:215,(anonymous_19)
FN:220,(anonymous_20)
FN:221,(anonymous_21)
FN:223,(anonymous_22)
FN:230,(anonymous_23)
FN:233,(anonymous_24)
FN:236,(anonymous_25)
FN:240,(anonymous_26)
FN:267,(anonymous_27)
FN:271,(anonymous_28)
FN:274,(anonymous_29)
FN:289,hotSetStatus
FN:306,toModuleId
FN:311,hotCheck
FN:317,(anonymous_33)
FN:328,(anonymous_34)
FN:352,hotAddUpdateChunk
FN:366,hotEnsureUpdateChunk
FN:376,hotUpdateDownloaded
FN:386,(anonymous_38)
FN:390,(anonymous_39)
FN:393,(anonymous_40)
FN:408,hotApply
FN:415,hotApplyInternal
FN:424,getAffectedStuff
FN:428,(anonymous_44)
FN:494,addAllToSet
FN:507,warnUnexpectedRequire
FN:625,(anonymous_47)
FN:791,(anonymous_48)
FN:792,(anonymous_49)
FN:800,(anonymous_50)
FN:805,hotApplyInvalidatedModules
FN:814,hotApplyInvalidatedModule
FN:832,jsonpScriptSrc
FN:837,__webpack_require__
FN:872,requireEnsure
FN:886,(anonymous_56)
FN:904,(anonymous_57)
FN:922,(anonymous_58)
FN:939,(anonymous_59)
FN:946,(anonymous_60)
FN:958,(anonymous_61)
FN:965,(anonymous_62)
FN:970,(anonymous_63)
FN:972,getDefault
FN:973,getModuleExports
FN:979,(anonymous_66)
FN:985,(anonymous_67)
FN:988,(anonymous_68)
FN:991,(anonymous_69)
FN:992,(anonymous_70)
FN:993,(anonymous_71)
FN:995,(anonymous_72)
FN:995,(anonymous_73)
FN:997,(anonymous_74)
FN:1002,(anonymous_75)
FN:1009,(anonymous_76)
FNF:77
FNH:0
FNDA:0,(anonymous_0)
FNDA:0,webpackJsonpCallback
FNDA:0,checkDeferredModules
FNDA:0,hotDisposeChunk
FNDA:0,webpackHotUpdateCallback
FNDA:0,hotDownloadUpdateChunk
FNDA:0,hotDownloadManifest
FNDA:0,(anonymous_7)
FNDA:0,(anonymous_8)
FNDA:0,hotCreateRequire
FNDA:0,(anonymous_10)
FNDA:0,ObjectFactory
FNDA:0,(anonymous_12)
FNDA:0,(anonymous_13)
FNDA:0,(anonymous_14)
FNDA:0,(anonymous_15)
FNDA:0,finishChunkLoading
FNDA:0,(anonymous_17)
FNDA:0,hotCreateModule
FNDA:0,(anonymous_19)
FNDA:0,(anonymous_20)
FNDA:0,(anonymous_21)
FNDA:0,(anonymous_22)
FNDA:0,(anonymous_23)
FNDA:0,(anonymous_24)
FNDA:0,(anonymous_25)
FNDA:0,(anonymous_26)
FNDA:0,(anonymous_27)
FNDA:0,(anonymous_28)
FNDA:0,(anonymous_29)
FNDA:0,hotSetStatus
FNDA:0,toModuleId
FNDA:0,hotCheck
FNDA:0,(anonymous_33)
FNDA:0,(anonymous_34)
FNDA:0,hotAddUpdateChunk
FNDA:0,hotEnsureUpdateChunk
FNDA:0,hotUpdateDownloaded
FNDA:0,(anonymous_38)
FNDA:0,(anonymous_39)
FNDA:0,(anonymous_40)
FNDA:0,hotApply
FNDA:0,hotApplyInternal
FNDA:0,getAffectedStuff
FNDA:0,(anonymous_44)
FNDA:0,addAllToSet
FNDA:0,warnUnexpectedRequire
FNDA:0,(anonymous_47)
FNDA:0,(anonymous_48)
FNDA:0,(anonymous_49)
FNDA:0,(anonymous_50)
FNDA:0,hotApplyInvalidatedModules
FNDA:0,hotApplyInvalidatedModule
FNDA:0,jsonpScriptSrc
FNDA:0,__webpack_require__
FNDA:0,requireEnsure
FNDA:0,(anonymous_56)
FNDA:0,(anonymous_57)
FNDA:0,(anonymous_58)
FNDA:0,(anonymous_59)
FNDA:0,(anonymous_60)
FNDA:0,(anonymous_61)
FNDA:0,(anonymous_62)
FNDA:0,(anonymous_63)
FNDA:0,getDefault
FNDA:0,getModuleExports
FNDA:0,(anonymous_66)
FNDA:0,(anonymous_67)
FNDA:0,(anonymous_68)
FNDA:0,(anonymous_69)
FNDA:0,(anonymous_70)
FNDA:0,(anonymous_71)
FNDA:0,(anonymous_72)
FNDA:0,(anonymous_73)
FNDA:0,(anonymous_74)
FNDA:0,(anonymous_75)
FNDA:0,(anonymous_76)
DA:1,0
DA:4,0
DA:5,0
DA:6,0
DA:10,0
DA:11,0
DA:12,0
DA:13,0
DA:14,0
DA:16,0
DA:18,0
DA:19,0
DA:20,0
DA:23,0
DA:25,0
DA:26,0
DA:30,0
DA:33,0
DA:37,0
DA:38,0
DA:39,0
DA:40,0
DA:41,0
DA:42,0
DA:44,0
DA:45,0
DA:46,0
DA:50,0
DA:53,0
DA:55,0
DA:56,0
DA:58,0
DA:59,0
DA:64,0
DA:65,0
DA:66,0
DA:67,0
DA:68,0
DA:73,0
DA:74,0
DA:75,0
DA:76,0
DA:78,0
DA:79,0
DA:80,0
DA:81,0
DA:82,0
DA:83,0
DA:85,0
DA:87,0
DA:88,0
DA:89,0
DA:91,0
DA:94,0
DA:96,0
DA:97,0
DA:99,0
DA:102,0
DA:103,0
DA:105,0
DA:106,0
DA:108,0
DA:114,0
DA:116,0
DA:117,0
DA:118,0
DA:121,0
DA:123,0
DA:127,0
DA:128,0
DA:129,0
DA:130,0
DA:131,0
DA:132,0
DA:133,0
DA:136,0
DA:137,0
DA:139,0
DA:140,0
DA:143,0
DA:149,0
DA:151,0
DA:153,0
DA:154,0
DA:158,0
DA:161,0
DA:165,0
DA:166,0
DA:171,0
DA:174,0
DA:175,0
DA:176,0
DA:177,0
DA:178,0
DA:179,0
DA:183,0
DA:184,0
DA:185,0
DA:186,0
DA:188,0
DA:189,0
DA:194,0
DA:195,0
DA:196,0
DA:198,0
DA:203,0
DA:216,0
DA:217,0
DA:218,0
DA:219,0
DA:220,0
DA:221,0
DA:224,0
DA:225,0
DA:226,0
DA:227,0
DA:228,0
DA:231,0
DA:234,0
DA:237,0
DA:238,0
DA:241,0
DA:242,0
DA:244,0
DA:245,0
DA:246,0
DA:247,0
DA:249,0
DA:250,0
DA:255,0
DA:257,0
DA:260,0
DA:268,0
DA:269,0
DA:272,0
DA:275,0
DA:276,0
DA:282,0
DA:283,0
DA:286,0
DA:287,0
DA:290,0
DA:291,0
DA:292,0
DA:296,0
DA:297,0
DA:298,0
DA:299,0
DA:300,0
DA:307,0
DA:308,0
DA:312,0
DA:313,0
DA:315,0
DA:316,0
DA:317,0
DA:318,0
DA:319,0
DA:320,0
DA:322,0
DA:323,0
DA:324,0
DA:325,0
DA:327,0
DA:328,0
DA:329,0
DA:334,0
DA:335,0
DA:338,0
DA:340,0
DA:345,0
DA:347,0
DA:353,0
DA:354,0
DA:355,0
DA:356,0
DA:357,0
DA:358,0
DA:361,0
DA:362,0
DA:367,0
DA:368,0
DA:370,0
DA:371,0
DA:372,0
DA:377,0
DA:378,0
DA:379,0
DA:380,0
DA:381,0
DA:385,0
DA:387,0
DA:391,0
DA:394,0
DA:398,0
DA:399,0
DA:400,0
DA:401,0
DA:404,0
DA:409,0
DA:410,0
DA:411,0
DA:412,0
DA:416,0
DA:425,0
DA:426,0
DA:428,0
DA:429,0
DA:434,0
DA:435,0
DA:436,0
DA:437,0
DA:438,0
DA:439,0
DA:443,0
DA:444,0
DA:445,0
DA:451,0
DA:452,0
DA:458,0
DA:459,0
DA:460,0
DA:461,0
DA:462,0
DA:463,0
DA:470,0
DA:471,0
DA:472,0
DA:473,0
DA:474,0
DA:475,0
DA:477,0
DA:478,0
DA:479,0
DA:486,0
DA:495,0
DA:496,0
DA:497,0
DA:503,0
DA:504,0
DA:505,0
DA:507,0
DA:508,0
DA:513,0
DA:514,0
DA:515,0
DA:518,0
DA:519,0
DA:521,0
DA:527,0
DA:528,0
DA:529,0
DA:530,0
DA:531,0
DA:532,0
DA:534,0
DA:536,0
DA:537,0
DA:538,0
DA:543,0
DA:545,0
DA:546,0
DA:547,0
DA:554,0
DA:556,0
DA:557,0
DA:558,0
DA:561,0
DA:563,0
DA:564,0
DA:565,0
DA:567,0
DA:568,0
DA:569,0
DA:571,0
DA:573,0
DA:574,0
DA:575,0
DA:577,0
DA:578,0
DA:579,0
DA:580,0
DA:581,0
DA:587,0
DA:588,0
DA:589,0
DA:596,0
DA:597,0
DA:598,0
DA:604,0
DA:605,0
DA:606,0
DA:607,0
DA:615,0
DA:624,0
DA:625,0
DA:626,0
DA:627,0
DA:632,0
DA:633,0
DA:634,0
DA:635,0
DA:636,0
DA:638,0
DA:641,0
DA:642,0
DA:643,0
DA:644,0
DA:646,0
DA:649,0
DA:652,0
DA:655,0
DA:658,0
DA:659,0
DA:660,0
DA:661,0
DA:662,0
DA:663,0
DA:671,0
DA:672,0
DA:675,0
DA:676,0
DA:677,0
DA:678,0
DA:679,0
DA:680,0
DA:681,0
DA:688,0
DA:690,0
DA:691,0
DA:692,0
DA:694,0
DA:697,0
DA:698,0
DA:699,0
DA:704,0
DA:705,0
DA:706,0
DA:709,0
DA:710,0
DA:711,0
DA:712,0
DA:713,0
DA:714,0
DA:715,0
DA:716,0
DA:717,0
DA:718,0
DA:721,0
DA:722,0
DA:723,0
DA:724,0
DA:726,0
DA:727,0
DA:734,0
DA:735,0
DA:744,0
DA:745,0
DA:746,0
DA:747,0
DA:748,0
DA:749,0
DA:750,0
DA:752,0
DA:753,0
DA:754,0
DA:756,0
DA:757,0
DA:764,0
DA:765,0
DA:767,0
DA:770,0
DA:771,0
DA:777,0
DA:778,0
DA:785,0
DA:786,0
DA:787,0
DA:790,0
DA:791,0
DA:792,0
DA:793,0
DA:795,0
DA:799,0
DA:800,0
DA:801,0
DA:806,0
DA:807,0
DA:808,0
DA:809,0
DA:810,0
DA:815,0
DA:816,0
DA:820,0
DA:825,0
DA:829,0
DA:833,0
DA:840,0
DA:841,0
DA:844,0
DA:855,0
DA:856,0
DA:857,0
DA:859,0
DA:864,0
DA:867,0
DA:872,0
DA:873,0
DA:878,0
DA:879,0
DA:882,0
DA:883,0
DA:886,0
DA:887,0
DA:889,0
DA:892,0
DA:895,0
DA:896,0
DA:897,0
DA:898,0
DA:900,0
DA:903,0
DA:904,0
DA:906,0
DA:907,0
DA:908,0
DA:909,0
DA:910,0
DA:911,0
DA:912,0
DA:913,0
DA:914,0
DA:915,0
DA:916,0
DA:917,0
DA:919,0
DA:922,0
DA:923,0
DA:925,0
DA:926,0
DA:929,0
DA:933,0
DA:936,0
DA:939,0
DA:940,0
DA:941,0
DA:946,0
DA:947,0
DA:948,0
DA:950,0
DA:958,0
DA:959,0
DA:960,0
DA:961,0
DA:962,0
DA:963,0
DA:964,0
DA:965,0
DA:966,0
DA:970,0
DA:971,0
DA:972,0
DA:973,0
DA:974,0
DA:975,0
DA:979,0
DA:982,0
DA:985,0
DA:988,0
DA:990,0
DA:992,0
DA:993,0
DA:994,0
DA:995,0
DA:998,0
DA:999,0
DA:1000,0
DA:1002,0
DA:1003,0
DA:1004,0
DA:1007,0
DA:1009,0
DA:1010,0
DA:1011,0
DA:1012,0
DA:1013,0
DA:1019,0
DA:1020,0
DA:1021,0
DA:1022,0
DA:1023,0
DA:1024,0
DA:1028,0
LF:493
LH:0
BRDA:13,0,0,0
BRDA:13,0,1,0
BRDA:13,1,0,0
BRDA:13,1,1,0
BRDA:19,2,0,0
BRDA:19,2,1,0
BRDA:23,3,0,0
BRDA:23,3,1,0
BRDA:30,4,0,0
BRDA:30,4,1,0
BRDA:42,5,0,0
BRDA:42,5,1,0
BRDA:44,6,0,0
BRDA:44,6,1,0
BRDA:59,7,0,0
BRDA:59,7,1,0
BRDA:67,8,0,0
BRDA:67,8,1,0
BRDA:73,9,0,0
BRDA:73,9,1,0
BRDA:75,10,0,0
BRDA:75,10,1,0
BRDA:88,11,0,0
BRDA:88,11,1,0
BRDA:89,12,0,0
BRDA:89,12,1,0
BRDA:94,13,0,0
BRDA:94,13,1,0
BRDA:97,14,0,0
BRDA:97,14,1,0
BRDA:97,15,0,0
BRDA:97,15,1,0
BRDA:128,16,0,0
BRDA:128,16,1,0
BRDA:130,17,0,0
BRDA:130,17,1,0
BRDA:131,18,0,0
BRDA:131,18,1,0
BRDA:132,19,0,0
BRDA:132,19,1,0
BRDA:139,20,0,0
BRDA:139,20,1,0
BRDA:166,21,0,0
BRDA:166,21,1,0
BRDA:167,22,0,0
BRDA:167,22,1,0
BRDA:167,22,2,0
BRDA:175,23,0,0
BRDA:175,23,1,0
BRDA:184,24,0,0
BRDA:184,24,1,0
BRDA:185,25,0,0
BRDA:185,25,1,0
BRDA:188,26,0,0
BRDA:188,26,1,0
BRDA:188,27,0,0
BRDA:188,27,1,0
BRDA:195,28,0,0
BRDA:195,28,1,0
BRDA:216,29,0,0
BRDA:216,29,1,0
BRDA:217,30,0,0
BRDA:217,30,1,0
BRDA:218,31,0,0
BRDA:218,31,1,0
BRDA:220,32,0,0
BRDA:220,32,1,0
BRDA:221,33,0,0
BRDA:221,33,1,0
BRDA:224,34,0,0
BRDA:224,34,1,0
BRDA:225,35,0,0
BRDA:225,35,1,0
BRDA:238,36,0,0
BRDA:238,36,1,0
BRDA:242,37,0,0
BRDA:242,37,1,0
BRDA:242,37,2,0
BRDA:242,37,3,0
BRDA:242,37,4,0
BRDA:242,37,5,0
BRDA:242,37,6,0
BRDA:256,38,0,0
BRDA:256,38,1,0
BRDA:268,39,0,0
BRDA:268,39,1,0
BRDA:276,40,0,0
BRDA:276,40,1,0
BRDA:308,41,0,0
BRDA:308,41,1,0
BRDA:312,42,0,0
BRDA:312,42,1,0
BRDA:318,43,0,0
BRDA:318,43,1,0
BRDA:319,44,0,0
BRDA:319,44,1,0
BRDA:340,45,0,0
BRDA:340,45,1,0
BRDA:341,46,0,0
BRDA:341,46,1,0
BRDA:341,46,2,0
BRDA:353,47,0,0
BRDA:353,47,1,0
BRDA:353,48,0,0
BRDA:353,48,1,0
BRDA:357,49,0,0
BRDA:357,49,1,0
BRDA:361,50,0,0
BRDA:361,50,1,0
BRDA:361,51,0,0
BRDA:361,51,1,0
BRDA:367,52,0,0
BRDA:367,52,1,0
BRDA:380,53,0,0
BRDA:380,53,1,0
BRDA:381,54,0,0
BRDA:381,54,1,0
BRDA:400,55,0,0
BRDA:400,55,1,0
BRDA:409,56,0,0
BRDA:409,56,1,0
BRDA:411,57,0,0
BRDA:411,57,1,0
BRDA:439,58,0,0
BRDA:439,58,1,0
BRDA:440,59,0,0
BRDA:440,59,1,0
BRDA:440,59,2,0
BRDA:444,60,0,0
BRDA:444,60,1,0
BRDA:451,61,0,0
BRDA:451,61,1,0
BRDA:461,62,0,0
BRDA:461,62,1,0
BRDA:462,63,0,0
BRDA:462,63,1,0
BRDA:470,64,0,0
BRDA:470,64,1,0
BRDA:471,65,0,0
BRDA:471,65,1,0
BRDA:472,66,0,0
BRDA:472,66,1,0
BRDA:497,67,0,0
BRDA:497,67,1,0
BRDA:514,68,0,0
BRDA:514,68,1,0
BRDA:518,69,0,0
BRDA:518,69,1,0
BRDA:531,70,0,0
BRDA:531,70,1,0
BRDA:534,71,0,0
BRDA:534,71,1,0
BRDA:534,71,2,0
BRDA:534,71,3,0
BRDA:534,71,4,0
BRDA:534,71,5,0
BRDA:536,72,0,0
BRDA:536,72,1,0
BRDA:537,73,0,0
BRDA:537,73,1,0
BRDA:545,74,0,0
BRDA:545,74,1,0
BRDA:546,75,0,0
BRDA:546,75,1,0
BRDA:556,76,0,0
BRDA:556,76,1,0
BRDA:557,77,0,0
BRDA:557,77,1,0
BRDA:563,78,0,0
BRDA:563,78,1,0
BRDA:567,79,0,0
BRDA:567,79,1,0
BRDA:573,80,0,0
BRDA:573,80,1,0
BRDA:577,81,0,0
BRDA:577,81,1,0
BRDA:581,82,0,0
BRDA:581,82,1,0
BRDA:587,83,0,0
BRDA:587,83,1,0
BRDA:596,84,0,0
BRDA:596,84,1,0
BRDA:607,85,0,0
BRDA:607,85,1,0
BRDA:608,86,0,0
BRDA:608,86,1,0
BRDA:608,86,2,0
BRDA:608,86,3,0
BRDA:626,87,0,0
BRDA:626,87,1,0
BRDA:636,88,0,0
BRDA:636,88,1,0
BRDA:660,89,0,0
BRDA:660,89,1,0
BRDA:662,90,0,0
BRDA:662,90,1,0
BRDA:672,91,0,0
BRDA:672,91,1,0
BRDA:676,92,0,0
BRDA:676,92,1,0
BRDA:681,93,0,0
BRDA:681,93,1,0
BRDA:690,94,0,0
BRDA:690,94,1,0
BRDA:698,95,0,0
BRDA:698,95,1,0
BRDA:706,96,0,0
BRDA:706,96,1,0
BRDA:710,97,0,0
BRDA:710,97,1,0
BRDA:716,98,0,0
BRDA:716,98,1,0
BRDA:717,99,0,0
BRDA:717,99,1,0
BRDA:726,100,0,0
BRDA:726,100,1,0
BRDA:734,101,0,0
BRDA:734,101,1,0
BRDA:735,102,0,0
BRDA:735,102,1,0
BRDA:752,103,0,0
BRDA:752,103,1,0
BRDA:756,104,0,0
BRDA:756,104,1,0
BRDA:764,105,0,0
BRDA:764,105,1,0
BRDA:765,106,0,0
BRDA:765,106,1,0
BRDA:767,107,0,0
BRDA:767,107,1,0
BRDA:770,108,0,0
BRDA:770,108,1,0
BRDA:777,109,0,0
BRDA:777,109,1,0
BRDA:778,110,0,0
BRDA:778,110,1,0
BRDA:785,111,0,0
BRDA:785,111,1,0
BRDA:790,112,0,0
BRDA:790,112,1,0
BRDA:793,113,0,0
BRDA:793,113,1,0
BRDA:806,114,0,0
BRDA:806,114,1,0
BRDA:807,115,0,0
BRDA:807,115,1,0
BRDA:815,116,0,0
BRDA:815,116,1,0
BRDA:833,117,0,0
BRDA:833,117,1,0
BRDA:840,118,0,0
BRDA:840,118,1,0
BRDA:879,119,0,0
BRDA:879,119,1,0
BRDA:882,120,0,0
BRDA:882,120,1,0
BRDA:897,121,0,0
BRDA:897,121,1,0
BRDA:909,122,0,0
BRDA:909,122,1,0
BRDA:910,123,0,0
BRDA:910,123,1,0
BRDA:911,124,0,0
BRDA:911,124,1,0
BRDA:911,125,0,0
BRDA:911,125,1,0
BRDA:912,126,0,0
BRDA:912,126,1,0
BRDA:912,126,2,0
BRDA:940,127,0,0
BRDA:940,127,1,0
BRDA:947,128,0,0
BRDA:947,128,1,0
BRDA:947,129,0,0
BRDA:947,129,1,0
BRDA:959,130,0,0
BRDA:959,130,1,0
BRDA:960,131,0,0
BRDA:960,131,1,0
BRDA:961,132,0,0
BRDA:961,132,1,0
BRDA:961,133,0,0
BRDA:961,133,1,0
BRDA:961,133,2,0
BRDA:961,133,3,0
BRDA:965,134,0,0
BRDA:965,134,1,0
BRDA:965,135,0,0
BRDA:965,135,1,0
BRDA:971,136,0,0
BRDA:971,136,1,0
BRDA:971,137,0,0
BRDA:971,137,1,0
BRDA:1010,138,0,0
BRDA:1010,138,1,0
BRDA:1019,139,0,0
BRDA:1019,139,1,0
BRF:297
BRH:0
end_of_record
TN:
SF:src/resources/React App_files/main.06c9c579fa0f63f4f163.hot-update.js
FN:8,(anonymous_0)
FN:12,(anonymous_1)
FN:38,(anonymous_2)
FN:223,hotDisposeCallback
FN:234,hotErrorHandler
FN:264,updateCallback
FNF:6
FNH:0
FNDA:0,(anonymous_0)
FNDA:0,(anonymous_1)
FNDA:0,(anonymous_2)
FNDA:0,hotDisposeCallback
FNDA:0,hotErrorHandler
FNDA:0,updateCallback
DA:1,0
DA:11,0
DA:12,0
DA:13,0
DA:14,0
DA:15,0
DA:16,0
DA:17,0
DA:18,0
DA:19,0
DA:20,0
DA:21,0
DA:22,0
DA:23,0
DA:24,0
DA:25,0
DA:27,0
DA:38,0
DA:39,0
DA:201,0
DA:202,0
DA:206,0
DA:208,0
DA:209,0
DA:211,0
DA:212,0
DA:213,0
DA:215,0
DA:216,0
DA:225,0
DA:228,0
DA:235,0
DA:239,0
DA:242,0
DA:243,0
DA:244,0
DA:248,0
DA:252,0
DA:253,0
DA:257,0
DA:259,0
DA:265,0
DA:269,0
DA:276,0
DA:277,0
LF:45
LH:0
BRDA:211,0,0,0
BRDA:211,0,1,0
BRDA:213,1,0,0
BRDA:213,1,1,0
BRDA:215,2,0,0
BRDA:215,2,1,0
BRDA:235,3,0,0
BRDA:235,3,1,0
BRDA:236,4,0,0
BRDA:236,4,1,0
BRDA:242,5,0,0
BRDA:242,5,1,0
BRDA:242,6,0,0
BRDA:242,6,1,0
BRDA:243,7,0,0
BRDA:243,7,1,0
BRDA:252,8,0,0
BRDA:252,8,1,0
BRDA:253,9,0,0
BRDA:253,9,1,0
BRDA:254,10,0,0
BRDA:254,10,1,0
BRDA:265,11,0,0
BRDA:265,11,1,0
BRDA:266,12,0,0
BRDA:266,12,1,0
BRDA:276,13,0,0
BRDA:276,13,1,0
BRDA:276,14,0,0
BRDA:276,14,1,0
BRF:30
BRH:0
end_of_record
TN:
SF:src/resources/React App_files/main.29ffb1b2cae6d1d19813.hot-update.js
FN:8,(anonymous_0)
FN:12,(anonymous_1)
FN:38,(anonymous_2)
FN:223,hotDisposeCallback
FN:234,hotErrorHandler
FN:264,updateCallback
FNF:6
FNH:0
FNDA:0,(anonymous_0)
FNDA:0,(anonymous_1)
FNDA:0,(anonymous_2)
FNDA:0,hotDisposeCallback
FNDA:0,hotErrorHandler
FNDA:0,updateCallback
DA:1,0
DA:11,0
DA:12,0
DA:13,0
DA:14,0
DA:15,0
DA:16,0
DA:17,0
DA:18,0
DA:19,0
DA:20,0
DA:21,0
DA:22,0
DA:23,0
DA:24,0
DA:25,0
DA:27,0
DA:38,0
DA:39,0
DA:201,0
DA:202,0
DA:206,0
DA:208,0
DA:209,0
DA:211,0
DA:212,0
DA:213,0
DA:215,0
DA:216,0
DA:225,0
DA:228,0
DA:235,0
DA:239,0
DA:242,0
DA:243,0
DA:244,0
DA:248,0
DA:252,0
DA:253,0
DA:257,0
DA:259,0
DA:265,0
DA:269,0
DA:276,0
DA:277,0
LF:45
LH:0
BRDA:211,0,0,0
BRDA:211,0,1,0
BRDA:213,1,0,0
BRDA:213,1,1,0
BRDA:215,2,0,0
BRDA:215,2,1,0
BRDA:235,3,0,0
BRDA:235,3,1,0
BRDA:236,4,0,0
BRDA:236,4,1,0
BRDA:242,5,0,0
BRDA:242,5,1,0
BRDA:242,6,0,0
BRDA:242,6,1,0
BRDA:243,7,0,0
BRDA:243,7,1,0
BRDA:252,8,0,0
BRDA:252,8,1,0
BRDA:253,9,0,0
BRDA:253,9,1,0
BRDA:254,10,0,0
BRDA:254,10,1,0
BRDA:265,11,0,0
BRDA:265,11,1,0
BRDA:266,12,0,0
BRDA:266,12,1,0
BRDA:276,13,0,0
BRDA:276,13,1,0
BRDA:276,14,0,0
BRDA:276,14,1,0
BRF:30
BRH:0
end_of_record
TN:
SF:src/resources/React App_files/main.3d1b007e429f0bf6e949.hot-update.js
FN:8,(anonymous_0)
FN:12,(anonymous_1)
FN:38,(anonymous_2)
FN:223,hotDisposeCallback
FN:234,hotErrorHandler
FN:264,updateCallback
FN:290,(anonymous_6)
FNF:7
FNH:0
FNDA:0,(anonymous_0)
FNDA:0,(anonymous_1)
FNDA:0,(anonymous_2)
FNDA:0,hotDisposeCallback
FNDA:0,hotErrorHandler
FNDA:0,updateCallback
FNDA:0,(anonymous_6)
DA:1,0
DA:11,0
DA:12,0
DA:13,0
DA:14,0
DA:15,0
DA:16,0
DA:17,0
DA:18,0
DA:19,0
DA:20,0
DA:21,0
DA:22,0
DA:23,0
DA:24,0
DA:25,0
DA:27,0
DA:38,0
DA:39,0
DA:201,0
DA:202,0
DA:206,0
DA:208,0
DA:209,0
DA:211,0
DA:212,0
DA:213,0
DA:215,0
DA:216,0
DA:225,0
DA:228,0
DA:235,0
DA:239,0
DA:242,0
DA:243,0
DA:244,0
DA:248,0
DA:252,0
DA:253,0
DA:257,0
DA:259,0
DA:265,0
DA:269,0
DA:276,0
DA:277,0
DA:293,0
DA:294,0
LF:47
LH:0
BRDA:211,0,0,0
BRDA:211,0,1,0
BRDA:213,1,0,0
BRDA:213,1,1,0
BRDA:215,2,0,0
BRDA:215,2,1,0
BRDA:235,3,0,0
BRDA:235,3,1,0
BRDA:236,4,0,0
BRDA:236,4,1,0
BRDA:242,5,0,0
BRDA:242,5,1,0
BRDA:242,6,0,0
BRDA:242,6,1,0
BRDA:243,7,0,0
BRDA:243,7,1,0
BRDA:252,8,0,0
BRDA:252,8,1,0
BRDA:253,9,0,0
BRDA:253,9,1,0
BRDA:254,10,0,0
BRDA:254,10,1,0
BRDA:265,11,0,0
BRDA:265,11,1,0
BRDA:266,12,0,0
BRDA:266,12,1,0
BRDA:276,13,0,0
BRDA:276,13,1,0
BRDA:276,14,0,0
BRDA:276,14,1,0
BRF:30
BRH:0
end_of_record
TN:
SF:src/resources/React App_files/main.8b53d7b3408882807809.hot-update.js
FN:8,(anonymous_0)
FN:12,(anonymous_1)
FN:38,(anonymous_2)
FN:223,hotDisposeCallback
FN:234,hotErrorHandler
FN:264,updateCallback
FNF:6
FNH:0
FNDA:0,(anonymous_0)
FNDA:0,(anonymous_1)
FNDA:0,(anonymous_2)
FNDA:0,hotDisposeCallback
FNDA:0,hotErrorHandler
FNDA:0,updateCallback
DA:1,0
DA:11,0
DA:12,0
DA:13,0
DA:14,0
DA:15,0
DA:16,0
DA:17,0
DA:18,0
DA:19,0
DA:20,0
DA:21,0
DA:22,0
DA:23,0
DA:24,0
DA:25,0
DA:27,0
DA:38,0
DA:39,0
DA:201,0
DA:202,0
DA:206,0
DA:208,0
DA:209,0
DA:211,0
DA:212,0
DA:213,0
DA:215,0
DA:216,0
DA:225,0
DA:228,0
DA:235,0
DA:239,0
DA:242,0
DA:243,0
DA:244,0
DA:248,0
DA:252,0
DA:253,0
DA:257,0
DA:259,0
DA:265,0
DA:269,0
DA:276,0
DA:277,0
LF:45
LH:0
BRDA:211,0,0,0
BRDA:211,0,1,0
BRDA:213,1,0,0
BRDA:213,1,1,0
BRDA:215,2,0,0
BRDA:215,2,1,0
BRDA:235,3,0,0
BRDA:235,3,1,0
BRDA:236,4,0,0
BRDA:236,4,1,0
BRDA:242,5,0,0
BRDA:242,5,1,0
BRDA:242,6,0,0
BRDA:242,6,1,0
BRDA:243,7,0,0
BRDA:243,7,1,0
BRDA:252,8,0,0
BRDA:252,8,1,0
BRDA:253,9,0,0
BRDA:253,9,1,0
BRDA:254,10,0,0
BRDA:254,10,1,0
BRDA:265,11,0,0
BRDA:265,11,1,0
BRDA:266,12,0,0
BRDA:266,12,1,0
BRDA:276,13,0,0
BRDA:276,13,1,0
BRDA:276,14,0,0
BRDA:276,14,1,0
BRF:30
BRH:0
end_of_record
TN:
SF:src/resources/React App_files/main.ccd92351db6fb39535fe.hot-update.js
FN:8,(anonymous_0)
FN:12,(anonymous_1)
FN:38,(anonymous_2)
FN:223,hotDisposeCallback
FN:234,hotErrorHandler
FN:264,updateCallback
FNF:6
FNH:0
FNDA:0,(anonymous_0)
FNDA:0,(anonymous_1)
FNDA:0,(anonymous_2)
FNDA:0,hotDisposeCallback
FNDA:0,hotErrorHandler
FNDA:0,updateCallback
DA:1,0
DA:11,0
DA:12,0
DA:13,0
DA:14,0
DA:15,0
DA:16,0
DA:17,0
DA:18,0
DA:19,0
DA:20,0
DA:21,0
DA:22,0
DA:23,0
DA:24,0
DA:25,0
DA:27,0
DA:38,0
DA:39,0
DA:201,0
DA:202,0
DA:206,0
DA:208,0
DA:209,0
DA:211,0
DA:212,0
DA:213,0
DA:215,0
DA:216,0
DA:225,0
DA:228,0
DA:235,0
DA:239,0
DA:242,0
DA:243,0
DA:244,0
DA:248,0
DA:252,0
DA:253,0
DA:257,0
DA:259,0
DA:265,0
DA:269,0
DA:276,0
DA:277,0
LF:45
LH:0
BRDA:211,0,0,0
BRDA:211,0,1,0
BRDA:213,1,0,0
BRDA:213,1,1,0
BRDA:215,2,0,0
BRDA:215,2,1,0
BRDA:235,3,0,0
BRDA:235,3,1,0
BRDA:236,4,0,0
BRDA:236,4,1,0
BRDA:242,5,0,0
BRDA:242,5,1,0
BRDA:242,6,0,0
BRDA:242,6,1,0
BRDA:243,7,0,0
BRDA:243,7,1,0
BRDA:252,8,0,0
BRDA:252,8,1,0
BRDA:253,9,0,0
BRDA:253,9,1,0
BRDA:254,10,0,0
BRDA:254,10,1,0
BRDA:265,11,0,0
BRDA:265,11,1,0
BRDA:266,12,0,0
BRDA:266,12,1,0
BRDA:276,13,0,0
BRDA:276,13,1,0
BRDA:276,14,0,0
BRDA:276,14,1,0
BRF:30
BRH:0
end_of_record
TN:
SF:src/resources/React App_files/main.chunk.js
FN:8,(anonymous_0)
FN:30,(anonymous_1)
FN:52,(anonymous_2)
FN:73,isEqualLocals
FN:108,(anonymous_4)
FN:130,(anonymous_5)
FN:144,(anonymous_6)
FN:148,(anonymous_7)
FN:170,App
FN:233,hotDisposeCallback
FN:244,hotErrorHandler
FN:274,updateCallback
FN:300,(anonymous_12)
FN:304,(anonymous_13)
FN:330,(anonymous_14)
FN:484,hotDisposeCallback
FN:495,hotErrorHandler
FN:525,updateCallback
FN:551,(anonymous_18)
FN:555,(anonymous_19)
FN:555,(anonymous_20)
FN:568,(anonymous_21)
FN:657,hotDisposeCallback
FN:668,hotErrorHandler
FN:698,updateCallback
FN:724,(anonymous_25)
FN:745,isEqualLocals
FN:780,(anonymous_27)
FN:802,(anonymous_28)
FN:816,(anonymous_29)
FN:820,(anonymous_30)
FN:871,hotDisposeCallback
FN:882,hotErrorHandler
FN:912,updateCallback
FN:938,(anonymous_34)
FN:951,(anonymous_35)
FN:955,(anonymous_36)
FN:958,(anonymous_37)
FN:960,(anonymous_38)
FN:993,hotDisposeCallback
FN:1004,hotErrorHandler
FN:1034,updateCallback
FN:1060,(anonymous_42)
FN:1073,(anonymous_43)
FN:1086,(anonymous_44)
FN:1099,(anonymous_45)
FN:1112,(anonymous_46)
FN:1125,(anonymous_47)
FNF:48
FNH:0
FNDA:0,(anonymous_0)
FNDA:0,(anonymous_1)
FNDA:0,(anonymous_2)
FNDA:0,isEqualLocals
FNDA:0,(anonymous_4)
FNDA:0,(anonymous_5)
FNDA:0,(anonymous_6)
FNDA:0,(anonymous_7)
FNDA:0,App
FNDA:0,hotDisposeCallback
FNDA:0,hotErrorHandler
FNDA:0,updateCallback
FNDA:0,(anonymous_12)
FNDA:0,(anonymous_13)
FNDA:0,(anonymous_14)
FNDA:0,hotDisposeCallback
FNDA:0,hotErrorHandler
FNDA:0,updateCallback
FNDA:0,(anonymous_18)
FNDA:0,(anonymous_19)
FNDA:0,(anonymous_20)
FNDA:0,(anonymous_21)
FNDA:0,hotDisposeCallback
FNDA:0,hotErrorHandler
FNDA:0,updateCallback
FNDA:0,(anonymous_25)
FNDA:0,isEqualLocals
FNDA:0,(anonymous_27)
FNDA:0,(anonymous_28)
FNDA:0,(anonymous_29)
FNDA:0,(anonymous_30)
FNDA:0,hotDisposeCallback
FNDA:0,hotErrorHandler
FNDA:0,updateCallback
FNDA:0,(anonymous_34)
FNDA:0,(anonymous_35)
FNDA:0,(anonymous_36)
FNDA:0,(anonymous_37)
FNDA:0,(anonymous_38)
FNDA:0,hotDisposeCallback
FNDA:0,hotErrorHandler
FNDA:0,updateCallback
FNDA:0,(anonymous_42)
FNDA:0,(anonymous_43)
FNDA:0,(anonymous_44)
FNDA:0,(anonymous_45)
FNDA:0,(anonymous_46)
FNDA:0,(anonymous_47)
DA:1,0
DA:11,0
DA:12,0
DA:13,0
DA:16,0
DA:18,0
DA:20,0
DA:33,0
DA:34,0
DA:35,0
DA:38,0
DA:40,0
DA:42,0
DA:54,0
DA:55,0
DA:57,0
DA:59,0
DA:60,0
DA:63,0
DA:65,0
DA:66,0
DA:68,0
DA:71,0
DA:72,0
DA:73,0
DA:74,0
DA:75,0
DA:80,0
DA:81,0
DA:83,0
DA:86,0
DA:87,0
DA:91,0
DA:92,0
DA:94,0
DA:97,0
DA:98,0
DA:102,0
DA:104,0
DA:106,0
DA:109,0
DA:111,0
DA:113,0
DA:114,0
DA:117,0
DA:118,0
DA:120,0
DA:123,0
DA:125,0
DA:130,0
DA:131,0
DA:135,0
DA:147,0
DA:148,0
DA:149,0
DA:150,0
DA:151,0
DA:152,0
DA:153,0
DA:154,0
DA:155,0
DA:156,0
DA:157,0
DA:158,0
DA:159,0
DA:161,0
DA:171,0
DA:211,0
DA:212,0
DA:216,0
DA:218,0
DA:219,0
DA:221,0
DA:222,0
DA:223,0
DA:225,0
DA:226,0
DA:235,0
DA:238,0
DA:245,0
DA:249,0
DA:252,0
DA:253,0
DA:254,0
DA:258,0
DA:262,0
DA:263,0
DA:267,0
DA:269,0
DA:275,0
DA:279,0
DA:286,0
DA:287,0
DA:303,0
DA:304,0
DA:305,0
DA:306,0
DA:307,0
DA:308,0
DA:309,0
DA:310,0
DA:311,0
DA:312,0
DA:313,0
DA:314,0
DA:315,0
DA:316,0
DA:317,0
DA:319,0
DA:330,0
DA:331,0
DA:462,0
DA:463,0
DA:467,0
DA:469,0
DA:470,0
DA:472,0
DA:473,0
DA:474,0
DA:476,0
DA:477,0
DA:486,0
DA:489,0
DA:496,0
DA:500,0
DA:503,0
DA:504,0
DA:505,0
DA:509,0
DA:513,0
DA:514,0
DA:518,0
DA:520,0
DA:526,0
DA:530,0
DA:537,0
DA:538,0
DA:554,0
DA:555,0
DA:556,0
DA:557,0
DA:558,0
DA:559,0
DA:560,0
DA:561,0
DA:562,0
DA:564,0
DA:568,0
DA:569,0
DA:635,0
DA:636,0
DA:640,0
DA:642,0
DA:643,0
DA:645,0
DA:646,0
DA:647,0
DA:649,0
DA:650,0
DA:659,0
DA:662,0
DA:669,0
DA:673,0
DA:676,0
DA:677,0
DA:678,0
DA:682,0
DA:686,0
DA:687,0
DA:691,0
DA:693,0
DA:699,0
DA:703,0
DA:710,0
DA:711,0
DA:726,0
DA:727,0
DA:729,0
DA:731,0
DA:732,0
DA:735,0
DA:737,0
DA:738,0
DA:740,0
DA:743,0
DA:744,0
DA:745,0
DA:746,0
DA:747,0
DA:752,0
DA:753,0
DA:755,0
DA:758,0
DA:759,0
DA:763,0
DA:764,0
DA:766,0
DA:769,0
DA:770,0
DA:774,0
DA:776,0
DA:778,0
DA:781,0
DA:783,0
DA:785,0
DA:786,0
DA:789,0
DA:790,0
DA:792,0
DA:795,0
DA:797,0
DA:802,0
DA:803,0
DA:807,0
DA:819,0
DA:820,0
DA:821,0
DA:822,0
DA:823,0
DA:824,0
DA:825,0
DA:826,0
DA:827,0
DA:828,0
DA:829,0
DA:830,0
DA:831,0
DA:833,0
DA:840,0
DA:854,0
DA:856,0
DA:857,0
DA:859,0
DA:860,0
DA:861,0
DA:863,0
DA:864,0
DA:873,0
DA:876,0
DA:883,0
DA:887,0
DA:890,0
DA:891,0
DA:892,0
DA:896,0
DA:900,0
DA:901,0
DA:905,0
DA:907,0
DA:913,0
DA:917,0
DA:924,0
DA:925,0
DA:941,0
DA:942,0
DA:954,0
DA:955,0
DA:956,0
DA:958,0
DA:959,0
DA:960,0
DA:967,0
DA:968,0
DA:969,0
DA:970,0
DA:971,0
DA:976,0
DA:978,0
DA:979,0
DA:981,0
DA:982,0
DA:983,0
DA:985,0
DA:986,0
DA:995,0
DA:998,0
DA:1005,0
DA:1009,0
DA:1012,0
DA:1013,0
DA:1014,0
DA:1018,0
DA:1022,0
DA:1023,0
DA:1027,0
DA:1029,0
DA:1035,0
DA:1039,0
DA:1046,0
DA:1047,0
DA:1063,0
DA:1064,0
DA:1076,0
DA:1077,0
DA:1089,0
DA:1090,0
DA:1102,0
DA:1103,0
DA:1115,0
DA:1116,0
DA:1127,0
DA:1128,0
DA:1129,0
DA:1130,0
LF:304
LH:0
BRDA:1,0,0,0
BRDA:1,0,1,0
BRDA:57,1,0,0
BRDA:57,1,1,0
BRDA:59,2,0,0
BRDA:59,2,1,0
BRDA:71,3,0,0
BRDA:71,3,1,0
BRDA:72,4,0,0
BRDA:72,4,1,0
BRDA:72,5,0,0
BRDA:72,5,1,0
BRDA:74,6,0,0
BRDA:74,6,1,0
BRDA:74,7,0,0
BRDA:74,7,1,0
BRDA:74,7,2,0
BRDA:74,7,3,0
BRDA:81,8,0,0
BRDA:81,8,1,0
BRDA:81,9,0,0
BRDA:81,9,1,0
BRDA:86,10,0,0
BRDA:86,10,1,0
BRDA:92,11,0,0
BRDA:92,11,1,0
BRDA:92,12,0,0
BRDA:92,12,1,0
BRDA:97,13,0,0
BRDA:97,13,1,0
BRDA:111,14,0,0
BRDA:111,14,1,0
BRDA:113,15,0,0
BRDA:113,15,1,0
BRDA:117,16,0,0
BRDA:117,16,1,0
BRDA:135,17,0,0
BRDA:135,17,1,0
BRDA:221,18,0,0
BRDA:221,18,1,0
BRDA:223,19,0,0
BRDA:223,19,1,0
BRDA:225,20,0,0
BRDA:225,20,1,0
BRDA:245,21,0,0
BRDA:245,21,1,0
BRDA:246,22,0,0
BRDA:246,22,1,0
BRDA:252,23,0,0
BRDA:252,23,1,0
BRDA:252,24,0,0
BRDA:252,24,1,0
BRDA:253,25,0,0
BRDA:253,25,1,0
BRDA:262,26,0,0
BRDA:262,26,1,0
BRDA:263,27,0,0
BRDA:263,27,1,0
BRDA:264,28,0,0
BRDA:264,28,1,0
BRDA:275,29,0,0
BRDA:275,29,1,0
BRDA:276,30,0,0
BRDA:276,30,1,0
BRDA:286,31,0,0
BRDA:286,31,1,0
BRDA:286,32,0,0
BRDA:286,32,1,0
BRDA:472,33,0,0
BRDA:472,33,1,0
BRDA:474,34,0,0
BRDA:474,34,1,0
BRDA:476,35,0,0
BRDA:476,35,1,0
BRDA:496,36,0,0
BRDA:496,36,1,0
BRDA:497,37,0,0
BRDA:497,37,1,0
BRDA:503,38,0,0
BRDA:503,38,1,0
BRDA:503,39,0,0
BRDA:503,39,1,0
BRDA:504,40,0,0
BRDA:504,40,1,0
BRDA:513,41,0,0
BRDA:513,41,1,0
BRDA:514,42,0,0
BRDA:514,42,1,0
BRDA:515,43,0,0
BRDA:515,43,1,0
BRDA:526,44,0,0
BRDA:526,44,1,0
BRDA:527,45,0,0
BRDA:527,45,1,0
BRDA:537,46,0,0
BRDA:537,46,1,0
BRDA:537,47,0,0
BRDA:537,47,1,0
BRDA:645,48,0,0
BRDA:645,48,1,0
BRDA:647,49,0,0
BRDA:647,49,1,0
BRDA:649,50,0,0
BRDA:649,50,1,0
BRDA:669,51,0,0
BRDA:669,51,1,0
BRDA:670,52,0,0
BRDA:670,52,1,0
BRDA:676,53,0,0
BRDA:676,53,1,0
BRDA:676,54,0,0
BRDA:676,54,1,0
BRDA:677,55,0,0
BRDA:677,55,1,0
BRDA:686,56,0,0
BRDA:686,56,1,0
BRDA:687,57,0,0
BRDA:687,57,1,0
BRDA:688,58,0,0
BRDA:688,58,1,0
BRDA:699,59,0,0
BRDA:699,59,1,0
BRDA:700,60,0,0
BRDA:700,60,1,0
BRDA:710,61,0,0
BRDA:710,61,1,0
BRDA:710,62,0,0
BRDA:710,62,1,0
BRDA:729,63,0,0
BRDA:729,63,1,0
BRDA:731,64,0,0
BRDA:731,64,1,0
BRDA:743,65,0,0
BRDA:743,65,1,0
BRDA:744,66,0,0
BRDA:744,66,1,0
BRDA:744,67,0,0
BRDA:744,67,1,0
BRDA:746,68,0,0
BRDA:746,68,1,0
BRDA:746,69,0,0
BRDA:746,69,1,0
BRDA:746,69,2,0
BRDA:746,69,3,0
BRDA:753,70,0,0
BRDA:753,70,1,0
BRDA:753,71,0,0
BRDA:753,71,1,0
BRDA:758,72,0,0
BRDA:758,72,1,0
BRDA:764,73,0,0
BRDA:764,73,1,0
BRDA:764,74,0,0
BRDA:764,74,1,0
BRDA:769,75,0,0
BRDA:769,75,1,0
BRDA:783,76,0,0
BRDA:783,76,1,0
BRDA:785,77,0,0
BRDA:785,77,1,0
BRDA:789,78,0,0
BRDA:789,78,1,0
BRDA:807,79,0,0
BRDA:807,79,1,0
BRDA:859,80,0,0
BRDA:859,80,1,0
BRDA:861,81,0,0
BRDA:861,81,1,0
BRDA:863,82,0,0
BRDA:863,82,1,0
BRDA:883,83,0,0
BRDA:883,83,1,0
BRDA:884,84,0,0
BRDA:884,84,1,0
BRDA:890,85,0,0
BRDA:890,85,1,0
BRDA:890,86,0,0
BRDA:890,86,1,0
BRDA:891,87,0,0
BRDA:891,87,1,0
BRDA:900,88,0,0
BRDA:900,88,1,0
BRDA:901,89,0,0
BRDA:901,89,1,0
BRDA:902,90,0,0
BRDA:902,90,1,0
BRDA:913,91,0,0
BRDA:913,91,1,0
BRDA:914,92,0,0
BRDA:914,92,1,0
BRDA:924,93,0,0
BRDA:924,93,1,0
BRDA:924,94,0,0
BRDA:924,94,1,0
BRDA:959,95,0,0
BRDA:959,95,1,0
BRDA:959,96,0,0
BRDA:959,96,1,0
BRDA:981,97,0,0
BRDA:981,97,1,0
BRDA:983,98,0,0
BRDA:983,98,1,0
BRDA:985,99,0,0
BRDA:985,99,1,0
BRDA:1005,100,0,0
BRDA:1005,100,1,0
BRDA:1006,101,0,0
BRDA:1006,101,1,0
BRDA:1012,102,0,0
BRDA:1012,102,1,0
BRDA:1012,103,0,0
BRDA:1012,103,1,0
BRDA:1013,104,0,0
BRDA:1013,104,1,0
BRDA:1022,105,0,0
BRDA:1022,105,1,0
BRDA:1023,106,0,0
BRDA:1023,106,1,0
BRDA:1024,107,0,0
BRDA:1024,107,1,0
BRDA:1035,108,0,0
BRDA:1035,108,1,0
BRDA:1036,109,0,0
BRDA:1036,109,1,0
BRDA:1046,110,0,0
BRDA:1046,110,1,0
BRDA:1046,111,0,0
BRDA:1046,111,1,0
BRF:228
BRH:0
end_of_record
TN:
SF:src/resources/React App_files/main.e965b26830337c5f77ce.hot-update.js
FN:8,(anonymous_0)
FN:12,(anonymous_1)
FN:38,(anonymous_2)
FN:223,hotDisposeCallback
FN:234,hotErrorHandler
FN:264,updateCallback
FN:293,(anonymous_6)
FNF:7
FNH:0
FNDA:0,(anonymous_0)
FNDA:0,(anonymous_1)
FNDA:0,(anonymous_2)
FNDA:0,hotDisposeCallback
FNDA:0,hotErrorHandler
FNDA:0,updateCallback
FNDA:0,(anonymous_6)
DA:1,0
DA:11,0
DA:12,0
DA:13,0
DA:14,0
DA:15,0
DA:16,0
DA:17,0
DA:18,0
DA:19,0
DA:20,0
DA:21,0
DA:22,0
DA:23,0
DA:24,0
DA:25,0
DA:27,0
DA:38,0
DA:39,0
DA:201,0
DA:202,0
DA:206,0
DA:208,0
DA:209,0
DA:211,0
DA:212,0
DA:213,0
DA:215,0
DA:216,0
DA:225,0
DA:228,0
DA:235,0
DA:239,0
DA:242,0
DA:243,0
DA:244,0
DA:248,0
DA:252,0
DA:253,0
DA:257,0
DA:259,0
DA:265,0
DA:269,0
DA:276,0
DA:277,0
DA:296,0
DA:297,0
LF:47
LH:0
BRDA:211,0,0,0
BRDA:211,0,1,0
BRDA:213,1,0,0
BRDA:213,1,1,0
BRDA:215,2,0,0
BRDA:215,2,1,0
BRDA:235,3,0,0
BRDA:235,3,1,0
BRDA:236,4,0,0
BRDA:236,4,1,0
BRDA:242,5,0,0
BRDA:242,5,1,0
BRDA:242,6,0,0
BRDA:242,6,1,0
BRDA:243,7,0,0
BRDA:243,7,1,0
BRDA:252,8,0,0
BRDA:252,8,1,0
BRDA:253,9,0,0
BRDA:253,9,1,0
BRDA:254,10,0,0
BRDA:254,10,1,0
BRDA:265,11,0,0
BRDA:265,11,1,0
BRDA:266,12,0,0
BRDA:266,12,1,0
BRDA:276,13,0,0
BRDA:276,13,1,0
BRDA:276,14,0,0
BRDA:276,14,1,0
BRF:30
BRH:0
end_of_record
TN:
SF:src/resources/React App_files/main.f335e219e5cc281d0f5d.hot-update.js
FN:8,(anonymous_0)
FN:12,(anonymous_1)
FN:38,(anonymous_2)
FN:223,hotDisposeCallback
FN:234,hotErrorHandler
FN:264,updateCallback
FNF:6
FNH:0
FNDA:0,(anonymous_0)
FNDA:0,(anonymous_1)
FNDA:0,(anonymous_2)
FNDA:0,hotDisposeCallback
FNDA:0,hotErrorHandler
FNDA:0,updateCallback
DA:1,0
DA:11,0
DA:12,0
DA:13,0
DA:14,0
DA:15,0
DA:16,0
DA:17,0
DA:18,0
DA:19,0
DA:20,0
DA:21,0
DA:22,0
DA:23,0
DA:24,0
DA:25,0
DA:27,0
DA:38,0
DA:39,0
DA:201,0
DA:202,0
DA:206,0
DA:208,0
DA:209,0
DA:211,0
DA:212,0
DA:213,0
DA:215,0
DA:216,0
DA:225,0
DA:228,0
DA:235,0
DA:239,0
DA:242,0
DA:243,0
DA:244,0
DA:248,0
DA:252,0
DA:253,0
DA:257,0
DA:259,0
DA:265,0
DA:269,0
DA:276,0
DA:277,0
LF:45
LH:0
BRDA:211,0,0,0
BRDA:211,0,1,0
BRDA:213,1,0,0
BRDA:213,1,1,0
BRDA:215,2,0,0
BRDA:215,2,1,0
BRDA:235,3,0,0
BRDA:235,3,1,0
BRDA:236,4,0,0
BRDA:236,4,1,0
BRDA:242,5,0,0
BRDA:242,5,1,0
BRDA:242,6,0,0
BRDA:242,6,1,0
BRDA:243,7,0,0
BRDA:243,7,1,0
BRDA:252,8,0,0
BRDA:252,8,1,0
BRDA:253,9,0,0
BRDA:253,9,1,0
BRDA:254,10,0,0
BRDA:254,10,1,0
BRDA:265,11,0,0
BRDA:265,11,1,0
BRDA:266,12,0,0
BRDA:266,12,1,0
BRDA:276,13,0,0
BRDA:276,13,1,0
BRDA:276,14,0,0
BRDA:276,14,1,0
BRF:30
BRH:0
end_of_record
TN:
SF:src/resources/React App_files/vendors_main.chunk.js
FN:8,(anonymous_0)
FN:12,(anonymous_1)
FN:13,_extends
FN:14,(anonymous_3)
FN:38,(anonymous_4)
FN:42,(anonymous_5)
FN:45,_inheritsLoose
FN:58,(anonymous_7)
FN:62,(anonymous_8)
FN:63,_objectWithoutPropertiesLoose
FN:85,(anonymous_10)
FN:89,(anonymous_11)
FN:90,_setPrototypeOf
FN:91,_setPrototypeOf
FN:106,(anonymous_14)
FN:129,(anonymous_15)
FN:131,(anonymous_16)
FN:140,(anonymous_17)
FN:154,(anonymous_18)
FN:165,getModuleExports
FN:178,getReactRefreshBoundarySignature
FN:204,createDebounceUpdate
FN:216,enqueueUpdate
FN:218,(anonymous_23)
FN:237,isReactRefreshBoundary
FN:280,registerExportsForReactRefresh
FN:315,shouldInvalidateReactRefreshBoundary
FN:347,(anonymous_27)
FN:351,(anonymous_28)
FN:352,(anonymous_29)
FN:365,(anonymous_30)
FN:391,areValidElements
FN:396,(anonymous_32)
FN:401,popperGenerator
FN:411,createPopper
FN:432,setOptions
FN:443,(anonymous_36)
FN:449,(anonymous_37)
FN:456,(anonymous_38)
FN:474,(anonymous_39)
FN:489,forceUpdate
FN:523,(anonymous_41)
FN:562,(anonymous_42)
FN:563,(anonymous_43)
FN:568,destroy
FN:582,(anonymous_45)
FN:592,runModifierEffects
FN:593,(anonymous_47)
FN:607,noopFn
FN:614,cleanupModifierEffects
FN:615,(anonymous_50)
FN:635,(anonymous_51)
FN:639,(anonymous_52)
FN:642,contains
FN:672,(anonymous_54)
FN:676,(anonymous_55)
FN:677,getBoundingClientRect
FN:698,(anonymous_57)
FN:702,(anonymous_58)
FN:732,getInnerBoundingClientRect
FN:745,getClientRectFromMixedType
FN:752,getClippingParents
FN:762,(anonymous_62)
FN:769,getClippingRect
FN:773,(anonymous_64)
FN:795,(anonymous_65)
FN:799,(anonymous_66)
FN:816,getCompositeRect
FN:863,(anonymous_68)
FN:867,(anonymous_69)
FN:870,getComputedStyle
FN:881,(anonymous_71)
FN:885,(anonymous_72)
FN:888,getDocumentElement
FN:901,(anonymous_74)
FN:905,(anonymous_75)
FN:918,getDocumentRect
FN:948,(anonymous_77)
FN:952,(anonymous_78)
FN:953,getHTMLElementScroll
FN:967,(anonymous_80)
FN:971,(anonymous_81)
FN:976,getLayoutRect
FN:1006,(anonymous_83)
FN:1010,(anonymous_84)
FN:1011,getNodeName
FN:1022,(anonymous_86)
FN:1026,(anonymous_87)
FN:1035,getNodeScroll
FN:1050,(anonymous_89)
FN:1054,(anonymous_90)
FN:1068,getTrueOffsetParent
FN:1079,getContainingBlock
FN:1111,getOffsetParent
FN:1133,(anonymous_94)
FN:1137,(anonymous_95)
FN:1144,getParentNode
FN:1168,(anonymous_97)
FN:1172,(anonymous_98)
FN:1181,getScrollParent
FN:1201,(anonymous_100)
FN:1205,(anonymous_101)
FN:1212,getViewportRect
FN:1257,(anonymous_103)
FN:1261,(anonymous_104)
FN:1262,getWindow
FN:1282,(anonymous_106)
FN:1286,(anonymous_107)
FN:1289,getWindowScroll
FN:1306,(anonymous_109)
FN:1310,(anonymous_110)
FN:1317,getWindowScrollBarX
FN:1335,(anonymous_112)
FN:1339,(anonymous_113)
FN:1340,(anonymous_114)
FN:1341,(anonymous_115)
FN:1345,isElement
FN:1350,isHTMLElement
FN:1355,isShadowRoot
FN:1374,(anonymous_119)
FN:1378,(anonymous_120)
FN:1381,isScrollParent
FN:1398,(anonymous_122)
FN:1402,(anonymous_123)
FN:1405,isTableElement
FN:1416,(anonymous_125)
FN:1420,(anonymous_126)
FN:1436,listScrollParents
FN:1459,(anonymous_128)
FN:1463,(anonymous_129)
FN:1464,(anonymous_130)
FN:1465,(anonymous_131)
FN:1466,(anonymous_132)
FN:1467,(anonymous_133)
FN:1468,(anonymous_134)
FN:1469,(anonymous_135)
FN:1470,(anonymous_136)
FN:1471,(anonymous_137)
FN:1472,(anonymous_138)
FN:1473,(anonymous_139)
FN:1474,(anonymous_140)
FN:1475,(anonymous_141)
FN:1476,(anonymous_142)
FN:1477,(anonymous_143)
FN:1478,(anonymous_144)
FN:1479,(anonymous_145)
FN:1480,(anonymous_146)
FN:1481,(anonymous_147)
FN:1482,(anonymous_148)
FN:1483,(anonymous_149)
FN:1484,(anonymous_150)
FN:1485,(anonymous_151)
FN:1486,(anonymous_152)
FN:1499,(anonymous_153)
FN:1502,(anonymous_154)
FN:1526,(anonymous_155)
FN:1551,toPaddingObject
FN:1558,arrow
FN:1595,effect
FN:1649,(anonymous_159)
FN:1653,(anonymous_160)
FN:1678,roundOffsetsByDPR
FN:1689,mapToStyles
FN:1758,computeStyles
FN:1771,(anonymous_164)
FN:1824,(anonymous_165)
FN:1835,effect
FN:1847,(anonymous_167)
FN:1856,(anonymous_168)
FN:1858,(anonymous_169)
FN:1874,fn
FN:1886,(anonymous_171)
FN:1905,getExpandedFallbackPlacements
FN:1914,flip
FN:1939,(anonymous_174)
FN:1987,(anonymous_175)
FN:2002,_loop
FN:2003,(anonymous_177)
FN:2007,(anonymous_178)
FN:2052,(anonymous_179)
FN:2061,getSideOffsets
FN:2077,isAnySideFullyClipped
FN:2078,(anonymous_182)
FN:2083,hide
FN:2127,(anonymous_184)
FN:2131,(anonymous_185)
FN:2136,distanceAndSkiddingToXY
FN:2157,offset
FN:2163,(anonymous_188)
FN:2195,(anonymous_189)
FN:2202,popperOffsets
FN:2233,(anonymous_191)
FN:2260,preventOverflow
FN:2379,(anonymous_193)
FN:2384,(anonymous_194)
FN:2386,(anonymous_195)
FN:2388,(anonymous_196)
FN:2401,(anonymous_197)
FN:2405,(anonymous_198)
FN:2414,computeAutoPlacement
FN:2428,(anonymous_200)
FN:2431,(anonymous_201)
FN:2444,(anonymous_202)
FN:2453,(anonymous_203)
FN:2465,(anonymous_204)
FN:2469,(anonymous_205)
FN:2478,computeOffsets
FN:2552,(anonymous_207)
FN:2556,(anonymous_208)
FN:2557,debounce
FN:2559,(anonymous_210)
FN:2561,(anonymous_211)
FN:2562,(anonymous_212)
FN:2580,(anonymous_213)
FN:2584,(anonymous_214)
FN:2604,detectOverflow
FN:2649,(anonymous_216)
FN:2666,(anonymous_217)
FN:2670,(anonymous_218)
FN:2671,expandToHashMap
FN:2672,(anonymous_220)
FN:2685,(anonymous_221)
FN:2689,(anonymous_222)
FN:2690,format
FN:2695,(anonymous_224)
FN:2707,(anonymous_225)
FN:2711,(anonymous_226)
FN:2712,getAltAxis
FN:2723,(anonymous_228)
FN:2727,(anonymous_229)
FN:2730,getBasePlacement
FN:2741,(anonymous_231)
FN:2745,(anonymous_232)
FN:2746,getFreshSideObject
FN:2762,(anonymous_234)
FN:2766,(anonymous_235)
FN:2767,getMainAxisFromPlacement
FN:2778,(anonymous_237)
FN:2782,(anonymous_238)
FN:2789,getOppositePlacement
FN:2790,(anonymous_240)
FN:2802,(anonymous_241)
FN:2806,(anonymous_242)
FN:2811,getOppositeVariationPlacement
FN:2812,(anonymous_244)
FN:2824,(anonymous_245)
FN:2828,(anonymous_246)
FN:2829,getVariation
FN:2840,(anonymous_248)
FN:2844,(anonymous_249)
FN:2845,(anonymous_250)
FN:2846,(anonymous_251)
FN:2858,(anonymous_252)
FN:2862,(anonymous_253)
FN:2863,mergeByName
FN:2864,(anonymous_255)
FN:2873,(anonymous_256)
FN:2885,(anonymous_257)
FN:2889,(anonymous_258)
FN:2892,mergePaddingObject
FN:2903,(anonymous_260)
FN:2907,(anonymous_261)
FN:2911,order
FN:2915,(anonymous_263)
FN:2919,sort
FN:2922,(anonymous_265)
FN:2934,(anonymous_266)
FN:2943,orderModifiers
FN:2947,(anonymous_268)
FN:2948,(anonymous_269)
FN:2961,(anonymous_270)
FN:2965,(anonymous_271)
FN:2966,rectToClientRect
FN:2982,(anonymous_273)
FN:2986,(anonymous_274)
FN:2987,uniqueBy
FN:2989,(anonymous_276)
FN:3006,(anonymous_277)
FN:3010,(anonymous_278)
FN:3018,validateModifiers
FN:3019,(anonymous_280)
FN:3020,(anonymous_281)
FN:3074,(anonymous_282)
FN:3079,(anonymous_283)
FN:3080,(anonymous_284)
FN:3097,(anonymous_285)
FN:3101,(anonymous_286)
FN:3104,within
FN:3115,(anonymous_288)
FN:3119,(anonymous_289)
FN:3148,useCallbackRef
FN:3159,(anonymous_291)
FN:3176,useCommittedRef
FN:3178,(anonymous_293)
FN:3193,(anonymous_294)
FN:3197,(anonymous_295)
FN:3203,useEventCallback
FN:3205,(anonymous_297)
FN:3217,(anonymous_298)
FN:3221,(anonymous_299)
FN:3237,useEventListener
FN:3243,(anonymous_301)
FN:3246,(anonymous_302)
FN:3259,(anonymous_303)
FN:3263,(anonymous_304)
FN:3284,useForceUpdate
FN:3287,(anonymous_306)
FN:3302,(anonymous_307)
FN:3306,(anonymous_308)
FN:3327,useGlobalListener
FN:3332,(anonymous_310)
FN:3345,(anonymous_311)
FN:3349,(anonymous_312)
FN:3354,toFnRef
FN:3355,(anonymous_314)
FN:3360,mergeRefs
FN:3363,(anonymous_316)
FN:3385,useMergedRefs
FN:3386,(anonymous_318)
FN:3400,(anonymous_319)
FN:3404,(anonymous_320)
FN:3429,useMounted
FN:3431,(anonymous_322)
FN:3434,(anonymous_323)
FN:3435,(anonymous_324)
FN:3449,(anonymous_325)
FN:3453,(anonymous_326)
FN:3475,usePrevious
FN:3477,(anonymous_328)
FN:3490,(anonymous_329)
FN:3500,useSafeState
FN:3502,(anonymous_331)
FN:3517,(anonymous_332)
FN:3521,(anonymous_333)
FN:3540,setChainedTimeout
FN:3542,(anonymous_335)
FN:3566,useTimeout
FN:3570,(anonymous_337)
FN:3573,(anonymous_338)
FN:3574,clear
FN:3578,set
FN:3608,(anonymous_341)
FN:3636,useUpdateEffect
FN:3638,(anonymous_343)
FN:3657,(anonymous_344)
FN:3661,(anonymous_345)
FN:3672,useUpdatedRef
FN:3685,(anonymous_347)
FN:3689,(anonymous_348)
FN:3702,useWillUnmount
FN:3704,(anonymous_350)
FN:3705,(anonymous_351)
FN:3718,(anonymous_352)
FN:3723,(anonymous_353)
FN:3737,(anonymous_354)
FN:3758,isEqualLocals
FN:3793,(anonymous_356)
FN:3815,(anonymous_357)
FN:3829,(anonymous_358)
FN:3838,(anonymous_359)
FN:3843,classNames
FN:3882,(anonymous_361)
FN:3896,(anonymous_362)
FN:3918,(anonymous_363)
FN:3929,(anonymous_364)
FN:3932,toString
FN:3933,(anonymous_366)
FN:3946,(anonymous_367)
FN:3988,cssWithMappingToString
FN:3999,(anonymous_369)
FN:4009,toComment
FN:4023,(anonymous_371)
FN:4027,(anonymous_372)
FN:4036,activeElement
FN:4062,(anonymous_374)
FN:4066,(anonymous_375)
FN:4076,addClass
FN:4087,(anonymous_377)
FN:4091,(anonymous_378)
FN:4092,(anonymous_379)
FN:4101,(anonymous_380)
FN:4105,(anonymous_381)
FN:4129,addEventListener
FN:4136,onceHandler
FN:4159,(anonymous_384)
FN:4163,(anonymous_385)
FN:4165,camelize
FN:4166,(anonymous_387)
FN:4178,(anonymous_388)
FN:4191,(anonymous_389)
FN:4195,(anonymous_390)
FN:4204,contains
FN:4218,(anonymous_392)
FN:4229,style
FN:4237,(anonymous_394)
FN:4265,(anonymous_395)
FN:4269,(anonymous_396)
FN:4279,getComputedStyle
FN:4290,(anonymous_398)
FN:4294,(anonymous_399)
FN:4301,hasClass
FN:4313,(anonymous_401)
FN:4317,(anonymous_402)
FN:4319,hyphenate
FN:4330,(anonymous_404)
FN:4334,(anonymous_405)
FN:4343,hyphenateStyleName
FN:4354,(anonymous_407)
FN:4358,(anonymous_408)
FN:4359,isDocument
FN:4370,(anonymous_410)
FN:4374,(anonymous_411)
FN:4376,isTransform
FN:4387,(anonymous_413)
FN:4391,(anonymous_414)
FN:4394,isWindow
FN:4407,(anonymous_416)
FN:4416,listen
FN:4418,(anonymous_418)
FN:4432,(anonymous_419)
FN:4436,(anonymous_420)
FN:4445,matches
FN:4450,matchesImpl
FN:4465,(anonymous_423)
FN:4469,(anonymous_424)
FN:4475,ownerDocument
FN:4486,(anonymous_426)
FN:4490,(anonymous_427)
FN:4499,ownerWindow
FN:4511,(anonymous_429)
FN:4515,(anonymous_430)
FN:4524,qsa
FN:4535,(anonymous_432)
FN:4539,(anonymous_433)
FN:4540,replaceClassName
FN:4551,removeClass
FN:4568,(anonymous_436)
FN:4580,removeEventListener
FN:4598,(anonymous_438)
FN:4602,(anonymous_439)
FN:4606,scrollbarSize
FN:4631,(anonymous_441)
FN:4635,(anonymous_442)
FN:4643,parseDuration
FN:4649,emulateTransitionEnd
FN:4655,(anonymous_445)
FN:4658,(anonymous_446)
FN:4663,(anonymous_447)
FN:4669,transitionEnd
FN:4673,(anonymous_449)
FN:4686,(anonymous_450)
FN:4690,(anonymous_451)
FN:4699,triggerEvent
FN:4722,(anonymous_453)
FN:4748,ReflectApply
FN:4756,ReflectOwnKeys
FN:4760,ReflectOwnKeys
FN:4765,ProcessEmitWarning
FN:4769,NumberIsNaN
FN:4773,EventEmitter
FN:4788,checkListener
FN:4796,(anonymous_461)
FN:4799,(anonymous_462)
FN:4808,(anonymous_463)
FN:4819,setMaxListeners
FN:4828,_getMaxListeners
FN:4833,getMaxListeners
FN:4837,emit
FN:4877,_addListener
FN:4933,addListener
FN:4939,prependListener
FN:4943,onceWrapper
FN:4952,_onceWrap
FN:4966,once
FN:4972,prependOnceListener
FN:4979,removeListener
FN:5016,removeAllListeners
FN:5063,_listeners
FN:5072,listeners
FN:5076,rawListeners
FN:5080,(anonymous_480)
FN:5090,listenerCount
FN:5106,eventNames
FN:5110,arrayClone
FN:5118,spliceOne
FN:5124,unwrapListeners
FN:5134,once
FN:5135,(anonymous_487)
FN:5136,errorListener
FN:5141,resolver
FN:5162,addErrorHandlerIfEventEmitter
FN:5168,eventTargetAgnosticAddListener
FN:5178,wrapListener
FN:5199,(anonymous_493)
FN:5203,(anonymous_494)
FN:5204,(anonymous_495)
FN:5205,(anonymous_496)
FN:5206,(anonymous_497)
FN:5207,(anonymous_498)
FN:5208,(anonymous_499)
FN:5209,(anonymous_500)
FN:5221,addLeadingSlash
FN:5225,stripLeadingSlash
FN:5229,hasBasename
FN:5233,stripBasename
FN:5237,stripTrailingSlash
FN:5241,parsePath
FN:5266,createPath
FN:5276,createLocation
FN:5332,locationsAreEqual
FN:5336,createTransitionManager
FN:5339,setPrompt
FN:5342,(anonymous_512)
FN:5347,confirmTransitionTo
FN:5372,appendListener
FN:5375,listener
FN:5380,(anonymous_516)
FN:5382,(anonymous_517)
FN:5388,notifyListeners
FN:5393,(anonymous_519)
FN:5408,getConfirmation
FN:5420,supportsHistory
FN:5431,supportsPopStateOnHashChange
FN:5439,supportsGoWithoutReloadUsingHash
FN:5449,isExtraneousPopstateEvent
FN:5456,getHistoryState
FN:5471,createBrowserHistory
FN:5489,getDOMLocation
FN:5504,createKey
FN:5510,setState
FN:5517,handlePopState
FN:5523,handleHashChange
FN:5529,handlePop
FN:5535,(anonymous_533)
FN:5548,revertPop
FN:5568,createHref
FN:5572,push
FN:5576,(anonymous_537)
FN:5607,replace
FN:5611,(anonymous_539)
FN:5640,go
FN:5644,goBack
FN:5648,goForward
FN:5654,checkDOMListeners
FN:5668,block
FN:5680,(anonymous_545)
FN:5690,listen
FN:5693,(anonymous_547)
FN:5718,encodePath
FN:5721,decodePath
FN:5735,stripHash
FN:5740,getHashPath
FN:5748,pushHashPath
FN:5752,replaceHashPath
FN:5756,createHashHistory
FN:5774,getDOMLocation
FN:5783,setState
FN:5793,locationsAreEqual$$1
FN:5797,handleHashChange
FN:5816,handlePop
FN:5822,(anonymous_560)
FN:5835,revertPop
FN:5859,createHref
FN:5870,push
FN:5874,(anonymous_564)
FN:5901,replace
FN:5905,(anonymous_566)
FN:5928,go
FN:5933,goBack
FN:5937,goForward
FN:5943,checkDOMListeners
FN:5955,block
FN:5967,(anonymous_572)
FN:5977,listen
FN:5980,(anonymous_574)
FN:6002,clamp
FN:6010,createMemoryHistory
FN:6025,setState
FN:6032,createKey
FN:6037,(anonymous_579)
FN:6043,push
FN:6047,(anonymous_581)
FN:6068,replace
FN:6072,(anonymous_583)
FN:6082,go
FN:6086,(anonymous_585)
FN:6101,goBack
FN:6105,goForward
FN:6109,canGo
FN:6114,block
FN:6122,listen
FN:6154,(anonymous_591)
FN:6207,getStatics
FN:6224,hoistNonReactStatics
FN:6270,(anonymous_594)
FN:6291,(anonymous_595)
FN:6306,(anonymous_596)
FN:6327,(anonymous_597)
FN:6331,(anonymous_598)
FN:6344,getUniqueId
FN:6349,objectIs
FN:6357,createEventEmitter
FN:6360,on
FN:6363,off
FN:6364,(anonymous_604)
FN:6368,get
FN:6371,set
FN:6373,(anonymous_607)
FN:6380,onlyChild
FN:6384,createReactContext
FN:6389,(anonymous_610)
FN:6392,Provider
FN:6402,getChildContext
FN:6408,componentWillReceiveProps
FN:6432,render
FN:6441,(anonymous_615)
FN:6444,Consumer
FN:6452,(anonymous_617)
FN:6467,componentWillReceiveProps
FN:6472,componentDidMount
FN:6481,componentWillUnmount
FN:6487,getValue
FN:6495,render
FN:6520,(anonymous_623)
FN:6522,(anonymous_624)
FN:6525,(anonymous_625)
FN:6589,error
FN:6602,map
FN:6624,mapDomain
FN:6656,ucs2decode
FN:6696,ucs2encode
FN:6697,(anonymous_631)
FN:6721,basicToDigit
FN:6749,digitToBasic
FN:6761,adapt
FN:6783,decode
FN:6884,encode
FN:7003,toUnicode
FN:7004,(anonymous_638)
FN:7021,toASCII
FN:7022,(anonymous_640)
FN:7060,(anonymous_641)
FN:7075,(anonymous_642)
FN:7090,toObject
FN:7098,shouldUseNative
FN:7121,(anonymous_645)
FN:7131,(anonymous_646)
FN:7146,(anonymous_647)
FN:7181,(anonymous_648)
FN:7192,defaultSetTimout
FN:7196,defaultClearTimeout
FN:7200,(anonymous_651)
FN:7222,runTimeout
FN:7248,runClearTimeout
FN:7280,cleanUpNextTick
FN:7298,drainQueue
FN:7326,(anonymous_656)
FN:7343,Item
FN:7348,(anonymous_658)
FN:7360,noop
FN:7372,(anonymous_660)
FN:7376,(anonymous_661)
FN:7380,(anonymous_662)
FN:7384,(anonymous_663)
FN:7388,(anonymous_664)
FN:7399,(anonymous_665)
FN:7413,_interopRequireDefault
FN:7419,all
FN:7424,allPropTypes
FN:7430,(anonymous_669)
FN:7456,(anonymous_670)
FN:7466,isRequiredForA11y
FN:7467,validate
FN:7492,(anonymous_673)
FN:7511,createChainableTypeChecker
FN:7512,checkType
FN:7545,(anonymous_676)
FN:7556,(anonymous_677)
FN:7564,(anonymous_678)
FN:7592,checkPropTypes
FN:7636,(anonymous_680)
FN:7651,(anonymous_681)
FN:7672,(anonymous_682)
FN:7675,(anonymous_683)
FN:7691,emptyFunctionThatReturnsNull
FN:7695,(anonymous_685)
FN:7715,getIteratorFn
FN:7800,is
FN:7822,PropTypeError
FN:7830,createChainableTypeChecker
FN:7836,checkType
FN:7879,createPrimitiveTypeChecker
FN:7880,validate
FN:7898,createAnyTypeChecker
FN:7902,createArrayOfTypeChecker
FN:7903,validate
FN:7929,createElementTypeChecker
FN:7930,validate
FN:7944,createElementTypeTypeChecker
FN:7945,validate
FN:7959,createInstanceTypeChecker
FN:7960,validate
FN:7973,createEnumTypeChecker
FN:7986,validate
FN:7995,replacer
FN:8010,createObjectOfTypeChecker
FN:8011,validate
FN:8039,createUnionTypeChecker
FN:8054,validate
FN:8069,createNodeChecker
FN:8070,validate
FN:8081,createShapeTypeChecker
FN:8082,validate
FN:8110,createStrictShapeTypeChecker
FN:8111,validate
FN:8143,isNode
FN:8197,isSymbol
FN:8222,getPropType
FN:8245,getPreciseType
FN:8265,getPostfixForTypeWarning
FN:8284,getClassName
FN:8305,(anonymous_721)
FN:8329,(anonymous_722)
FN:8350,(anonymous_723)
FN:8377,hasOwnProperty
FN:8381,(anonymous_725)
FN:8435,(anonymous_726)
FN:8446,(anonymous_727)
FN:8471,(anonymous_728)
FN:8487,(anonymous_729)
FN:8496,(anonymous_730)
FN:8500,(anonymous_731)
FN:8513,(anonymous_732)
FN:8517,map
FN:8528,(anonymous_734)
FN:8545,(anonymous_735)
FN:8560,(anonymous_736)
FN:8584,noop
FN:8586,(anonymous_738)
FN:8612,getNextActiveChild
FN:8626,handleSelect
FN:8632,handleKeyDown
FN:8658,(anonymous_742)
FN:8692,(anonymous_743)
FN:8718,(anonymous_744)
FN:8753,(anonymous_745)
FN:8775,(anonymous_746)
FN:8801,(anonymous_747)
FN:8837,(anonymous_748)
FN:8854,(anonymous_749)
FN:8879,(anonymous_750)
FN:8897,(anonymous_751)
FN:8901,(anonymous_752)
FN:8913,useAccordionToggle
FN:8916,(anonymous_754)
FN:8926,(anonymous_755)
FN:8954,(anonymous_756)
FN:8997,(anonymous_757)
FN:9013,(anonymous_758)
FN:9049,(anonymous_759)
FN:9068,(anonymous_760)
FN:9095,(anonymous_761)
FN:9099,(anonymous_762)
FN:9116,(anonymous_763)
FN:9119,BootstrapModalManager
FN:9125,adjustAndStore
FN:9135,restore
FN:9146,setContainerStyle
FN:9153,(anonymous_768)
FN:9156,(anonymous_769)
FN:9159,(anonymous_770)
FN:9164,removeContainerStyle
FN:9169,(anonymous_772)
FN:9172,(anonymous_773)
FN:9175,(anonymous_774)
FN:9192,(anonymous_775)
FN:9214,(anonymous_776)
FN:9245,(anonymous_777)
FN:9267,(anonymous_778)
FN:9307,(anonymous_779)
FN:9330,(anonymous_780)
FN:9378,(anonymous_781)
FN:9399,(anonymous_782)
FN:9428,(anonymous_783)
FN:9447,(anonymous_784)
FN:9469,(anonymous_785)
FN:9514,(anonymous_786)
FN:9527,(anonymous_787)
FN:9563,(anonymous_788)
FN:9578,(anonymous_789)
FN:9596,(anonymous_790)
FN:9611,(anonymous_791)
FN:9626,(anonymous_792)
FN:9646,(anonymous_793)
FN:9671,(anonymous_794)
FN:9840,isVisible
FN:9849,CarouselFunc
FN:9916,(anonymous_797)
FN:9925,(anonymous_798)
FN:9933,(anonymous_799)
FN:9955,(anonymous_800)
FN:9977,(anonymous_801)
FN:9985,(anonymous_802)
FN:9991,(anonymous_803)
FN:10007,(anonymous_804)
FN:10014,(anonymous_805)
FN:10021,(anonymous_806)
FN:10042,(anonymous_807)
FN:10051,(anonymous_808)
FN:10061,(anonymous_809)
FN:10073,(anonymous_810)
FN:10084,(anonymous_811)
FN:10098,(anonymous_812)
FN:10109,(anonymous_813)
FN:10117,(anonymous_814)
FN:10123,(anonymous_815)
FN:10126,(anonymous_816)
FN:10127,(anonymous_817)
FN:10146,(anonymous_818)
FN:10154,(anonymous_819)
FN:10161,(anonymous_820)
FN:10196,(anonymous_821)
FN:10211,(anonymous_822)
FN:10227,(anonymous_823)
FN:10252,(anonymous_824)
FN:10276,(anonymous_825)
FN:10305,(anonymous_826)
FN:10323,(anonymous_827)
FN:10333,(anonymous_828)
FN:10374,(anonymous_829)
FN:10406,getDefaultDimensionValue
FN:10424,(anonymous_831)
FN:10443,(anonymous_832)
FN:10444,(anonymous_833)
FN:10448,(anonymous_834)
FN:10449,(anonymous_835)
FN:10454,(anonymous_836)
FN:10455,(anonymous_837)
FN:10461,(anonymous_838)
FN:10462,(anonymous_839)
FN:10467,(anonymous_840)
FN:10468,(anonymous_841)
FN:10483,(anonymous_842)
FN:10501,(anonymous_843)
FN:10520,(anonymous_844)
FN:10547,(anonymous_845)
FN:10595,(anonymous_846)
FN:10614,(anonymous_847)
FN:10627,(anonymous_848)
FN:10663,(anonymous_849)
FN:10744,(anonymous_850)
FN:10786,(anonymous_851)
FN:10814,(anonymous_852)
FN:10836,(anonymous_853)
FN:10868,(anonymous_854)
FN:10872,(anonymous_855)
FN:10916,(anonymous_856)
FN:10982,(anonymous_857)
FN:11014,(anonymous_858)
FN:11041,(anonymous_859)
FN:11076,(anonymous_860)
FN:11080,(anonymous_861)
FN:11081,(anonymous_862)
FN:11094,map
FN:11096,(anonymous_864)
FN:11108,forEach
FN:11110,(anonymous_866)
FN:11124,(anonymous_867)
FN:11155,(anonymous_868)
FN:11160,(anonymous_869)
FN:11169,(anonymous_870)
FN:11186,(anonymous_871)
FN:11216,(anonymous_872)
FN:11242,(anonymous_873)
FN:11266,(anonymous_874)
FN:11284,(anonymous_875)
FN:11303,(anonymous_876)
FN:11325,(anonymous_877)
FN:11361,(anonymous_878)
FN:11395,(anonymous_879)
FN:11422,(anonymous_880)
FN:11461,(anonymous_881)
FN:11501,(anonymous_882)
FN:11519,(anonymous_883)
FN:11561,(anonymous_884)
FN:11579,(anonymous_885)
FN:11611,(anonymous_886)
FN:11631,(anonymous_887)
FN:11657,(anonymous_888)
FN:11730,(anonymous_889)
FN:11757,(anonymous_890)
FN:11793,(anonymous_891)
FN:11832,(anonymous_892)
FN:11850,(anonymous_893)
FN:11891,(anonymous_894)
FN:11909,(anonymous_895)
FN:11942,(anonymous_896)
FN:11960,(anonymous_897)
FN:11970,(anonymous_898)
FN:11992,(anonymous_899)
FN:12019,(anonymous_900)
FN:12064,(anonymous_901)
FN:12081,(anonymous_902)
FN:12105,(anonymous_903)
FN:12109,(anonymous_904)
FN:12157,(anonymous_905)
FN:12186,(anonymous_906)
FN:12210,InputGroupCheckbox
FN:12216,InputGroupRadio
FN:12231,(anonymous_909)
FN:12266,(anonymous_910)
FN:12285,(anonymous_911)
FN:12314,(anonymous_912)
FN:12343,(anonymous_913)
FN:12384,(anonymous_914)
FN:12407,(anonymous_915)
FN:12419,(anonymous_916)
FN:12454,(anonymous_917)
FN:12474,(anonymous_918)
FN:12498,(anonymous_919)
FN:12566,DialogTransition
FN:12570,BackdropTransition
FN:12576,(anonymous_922)
FN:12625,(anonymous_923)
FN:12627,(anonymous_924)
FN:12634,(anonymous_925)
FN:12640,getModalManager
FN:12646,updateDialogStyle
FN:12656,(anonymous_928)
FN:12661,(anonymous_929)
FN:12671,handleDialogMouseDown
FN:12675,handleMouseUp
FN:12683,handleStaticModalAnimation
FN:12685,(anonymous_933)
FN:12690,handleStaticBackdropClick
FN:12698,handleClick
FN:12712,handleEscapeKeyDown
FN:12723,handleEnter
FN:12736,handleExit
FN:12748,handleEntering
FN:12758,handleExited
FN:12770,(anonymous_941)
FN:12783,renderDialog
FN:12847,(anonymous_943)
FN:12862,(anonymous_944)
FN:12871,onHide
FN:12882,(anonymous_946)
FN:12898,(anonymous_947)
FN:12927,(anonymous_948)
FN:12942,(anonymous_949)
FN:12968,(anonymous_950)
FN:12979,(anonymous_951)
FN:13003,(anonymous_952)
FN:13023,(anonymous_953)
FN:13058,(anonymous_954)
FN:13111,(anonymous_955)
FN:13130,(anonymous_956)
FN:13150,(anonymous_957)
FN:13197,(anonymous_958)
FN:13214,(anonymous_959)
FN:13238,(anonymous_960)
FN:13262,(anonymous_961)
FN:13294,(anonymous_962)
FN:13332,(anonymous_963)
FN:13353,(anonymous_964)
FN:13371,(anonymous_965)
FN:13373,onToggle
FN:13405,(anonymous_967)
FN:13421,(anonymous_968)
FN:13444,(anonymous_969)
FN:13461,(anonymous_970)
FN:13467,(anonymous_971)
FN:13486,(anonymous_972)
FN:13505,(anonymous_973)
FN:13528,(anonymous_974)
FN:13544,(anonymous_975)
FN:13573,(anonymous_976)
FN:13602,wrapRefs
FN:13606,(anonymous_978)
FN:13610,(anonymous_979)
FN:13615,Overlay
FN:13635,(anonymous_981)
FN:13683,(anonymous_982)
FN:13710,(anonymous_983)
FN:13713,RefHolder
FN:13719,render
FN:13726,normalizeDelay
FN:13737,handleMouseOverOut
FN:13753,OverlayTrigger
FN:13784,(anonymous_989)
FN:13787,(anonymous_990)
FN:13796,(anonymous_991)
FN:13800,(anonymous_992)
FN:13809,(anonymous_993)
FN:13813,(anonymous_994)
FN:13822,(anonymous_995)
FN:13831,(anonymous_996)
FN:13835,(anonymous_997)
FN:13842,(anonymous_998)
FN:13891,(anonymous_999)
FN:13895,(anonymous_1000)
FN:13896,(anonymous_1001)
FN:13897,(anonymous_1002)
FN:13898,(anonymous_1003)
FN:13899,(anonymous_1004)
FN:13919,(anonymous_1005)
FN:13947,createButton
FN:13952,Button
FN:13980,(anonymous_1008)
FN:14007,(anonymous_1009)
FN:14036,(anonymous_1010)
FN:14062,(anonymous_1011)
FN:14101,(anonymous_1012)
FN:14117,(anonymous_1013)
FN:14141,(anonymous_1014)
FN:14157,(anonymous_1015)
FN:14181,(anonymous_1016)
FN:14204,onlyProgressBar
FN:14212,(anonymous_1018)
FN:14243,getPercentage
FN:14248,renderProgressBar
FN:14280,(anonymous_1021)
FN:14307,(anonymous_1022)
FN:14334,(anonymous_1023)
FN:14353,(anonymous_1024)
FN:14380,(anonymous_1025)
FN:14400,(anonymous_1026)
FN:14411,(anonymous_1027)
FN:14442,(anonymous_1028)
FN:14456,isTrivialHref
FN:14468,(anonymous_1030)
FN:14475,handleClick
FN:14493,handleKeyDown
FN:14529,(anonymous_1033)
FN:14533,(anonymous_1034)
FN:14539,makeEventKey
FN:14556,(anonymous_1036)
FN:14572,(anonymous_1037)
FN:14601,(anonymous_1038)
FN:14700,(anonymous_1039)
FN:14759,(anonymous_1040)
FN:14770,(anonymous_1041)
FN:14788,(anonymous_1042)
FN:14805,(anonymous_1043)
FN:14808,Tab
FN:14814,render
FN:14834,(anonymous_1046)
FN:14848,TabContainer
FN:14861,(anonymous_1048)
FN:14862,(anonymous_1049)
FN:14866,(anonymous_1050)
FN:14873,getControlledId
FN:14876,getControllerId
FN:14897,(anonymous_1053)
FN:14913,(anonymous_1054)
FN:14936,(anonymous_1055)
FN:14953,(anonymous_1056)
FN:14976,useTabContext
FN:14997,(anonymous_1058)
FN:15055,(anonymous_1059)
FN:15071,(anonymous_1060)
FN:15113,(anonymous_1061)
FN:15149,getDefaultActiveKey
FN:15151,(anonymous_1063)
FN:15159,renderTab
FN:15180,Tabs
FN:15204,(anonymous_1066)
FN:15225,(anonymous_1067)
FN:15229,(anonymous_1068)
FN:15230,(anonymous_1069)
FN:15231,(anonymous_1070)
FN:15241,ThemeProvider
FN:15244,(anonymous_1072)
FN:15252,useBootstrapPrefix
FN:15257,createBootstrapComponent
FN:15267,(anonymous_1075)
FN:15290,(anonymous_1076)
FN:15316,(anonymous_1077)
FN:15338,(anonymous_1078)
FN:15344,(anonymous_1079)
FN:15349,(anonymous_1080)
FN:15353,(anonymous_1081)
FN:15386,(anonymous_1082)
FN:15401,(anonymous_1083)
FN:15411,onClose
FN:15422,(anonymous_1085)
FN:15448,(anonymous_1086)
FN:15458,(anonymous_1087)
FN:15485,(anonymous_1088)
FN:15502,noop
FN:15506,(anonymous_1090)
FN:15522,(anonymous_1091)
FN:15525,(anonymous_1092)
FN:15557,(anonymous_1093)
FN:15585,(anonymous_1094)
FN:15596,getValues
FN:15600,handleToggle
FN:15614,(anonymous_1097)
FN:15626,(anonymous_1098)
FN:15632,handler
FN:15655,(anonymous_1100)
FN:15677,(anonymous_1101)
FN:15716,(anonymous_1102)
FN:15729,createChainedFunction
FN:15734,(anonymous_1104)
FN:15736,(anonymous_1105)
FN:15742,chainedFunction
FN:15764,(anonymous_1107)
FN:15768,(anonymous_1108)
FN:15784,pascalCase
FN:15789,createWithBsPrefix
FN:15796,(anonymous_1111)
FN:15821,(anonymous_1112)
FN:15833,(anonymous_1113)
FN:15834,(anonymous_1114)
FN:15849,(anonymous_1115)
FN:15854,(anonymous_1116)
FN:15857,(anonymous_1117)
FN:15860,(anonymous_1118)
FN:15863,(anonymous_1119)
FN:15865,(anonymous_1120)
FN:15868,(anonymous_1121)
FN:15871,(anonymous_1122)
FN:15874,(anonymous_1123)
FN:15877,(anonymous_1124)
FN:15880,(anonymous_1125)
FN:15883,(anonymous_1126)
FN:15886,(anonymous_1127)
FN:15889,(anonymous_1128)
FN:15892,(anonymous_1129)
FN:15895,(anonymous_1130)
FN:15898,(anonymous_1131)
FN:15901,(anonymous_1132)
FN:15904,(anonymous_1133)
FN:15907,(anonymous_1134)
FN:15910,(anonymous_1135)
FN:15913,(anonymous_1136)
FN:15916,(anonymous_1137)
FN:15919,(anonymous_1138)
FN:15922,(anonymous_1139)
FN:15925,(anonymous_1140)
FN:15928,(anonymous_1141)
FN:15931,(anonymous_1142)
FN:15934,(anonymous_1143)
FN:15937,(anonymous_1144)
FN:15940,(anonymous_1145)
FN:15943,(anonymous_1146)
FN:15946,(anonymous_1147)
FN:15949,(anonymous_1148)
FN:15952,(anonymous_1149)
FN:15955,(anonymous_1150)
FN:15958,(anonymous_1151)
FN:15961,(anonymous_1152)
FN:15964,(anonymous_1153)
FN:15967,(anonymous_1154)
FN:15970,(anonymous_1155)
FN:15973,(anonymous_1156)
FN:15976,(anonymous_1157)
FN:15979,(anonymous_1158)
FN:15982,(anonymous_1159)
FN:15985,(anonymous_1160)
FN:15988,(anonymous_1161)
FN:15991,(anonymous_1162)
FN:15994,(anonymous_1163)
FN:15997,(anonymous_1164)
FN:16000,(anonymous_1165)
FN:16003,(anonymous_1166)
FN:16006,(anonymous_1167)
FN:16009,(anonymous_1168)
FN:16012,(anonymous_1169)
FN:16015,(anonymous_1170)
FN:16018,(anonymous_1171)
FN:16021,(anonymous_1172)
FN:16024,(anonymous_1173)
FN:16027,(anonymous_1174)
FN:16030,(anonymous_1175)
FN:16033,(anonymous_1176)
FN:16036,(anonymous_1177)
FN:16039,(anonymous_1178)
FN:16042,(anonymous_1179)
FN:16045,(anonymous_1180)
FN:16048,(anonymous_1181)
FN:16051,(anonymous_1182)
FN:16054,(anonymous_1183)
FN:16057,(anonymous_1184)
FN:16060,(anonymous_1185)
FN:16063,(anonymous_1186)
FN:16066,(anonymous_1187)
FN:16069,(anonymous_1188)
FN:16072,(anonymous_1189)
FN:16075,(anonymous_1190)
FN:16078,(anonymous_1191)
FN:16081,(anonymous_1192)
FN:16167,(anonymous_1193)
FN:16171,(anonymous_1194)
FN:16177,parseDuration
FN:16183,transitionEndListener
FN:16186,(anonymous_1197)
FN:16201,(anonymous_1198)
FN:16205,(anonymous_1199)
FN:16208,triggerBrowserReflow
FN:16220,(anonymous_1201)
FN:16224,(anonymous_1202)
FN:16233,getMargins
FN:16247,usePopperMarginModifiers
FN:16253,(anonymous_1205)
FN:16259,(anonymous_1206)
FN:16263,offset
FN:16292,(anonymous_1208)
FN:16296,padding
FN:16318,(anonymous_1210)
FN:16324,effect
FN:16352,(anonymous_1212)
FN:16368,(anonymous_1213)
FN:16372,(anonymous_1214)
FN:16381,useWrappedRefWithWarning
FN:16385,(anonymous_1216)
FN:16399,(anonymous_1217)
FN:16412,isLikelyASyntaxError
FN:16417,formatMessage
FN:16421,(anonymous_1220)
FN:16424,(anonymous_1221)
FN:16471,(anonymous_1222)
FN:16477,formatWebpackMessages
FN:16502,(anonymous_1224)
FN:16522,(anonymous_1225)
FN:16553,(anonymous_1226)
FN:16580,editorHandler
FN:16592,(anonymous_1228)
FN:16599,(anonymous_1229)
FN:16617,(anonymous_1230)
FN:16628,clearOutdatedErrors
FN:16638,handleSuccess
FN:16645,onHotUpdateSuccess
FN:16654,handleWarnings
FN:16660,printWarnings
FN:16682,onSuccessfulHotUpdate
FN:16691,handleErrors
FN:16712,tryDismissErrorOverlay
FN:16719,handleAvailableHash
FN:16725,(anonymous_1240)
FN:16757,isUpdateAvailable
FN:16765,canApplyUpdates
FN:16770,tryApplyUpdates
FN:16777,handleApplyUpdates
FN:16804,(anonymous_1245)
FN:16806,(anonymous_1246)
FN:16819,(anonymous_1247)
FN:16833,(anonymous_1248)
FN:16849,warn
FN:16859,error
FN:16869,printWarning
FN:16881,(anonymous_1252)
FN:16950,registerTwoPhaseEvent
FN:16955,registerDirectEvent
FN:17015,isAttributeNameSafe
FN:17036,shouldIgnoreAttribute
FN:17052,shouldRemoveAttributeWithWarning
FN:17083,shouldRemoveAttribute
FN:17115,getPropertyInfo
FN:17119,PropertyInfoRecord
FN:17139,(anonymous_1261)
FN:17148,(anonymous_1262)
FN:17160,(anonymous_1263)
FN:17171,(anonymous_1264)
FN:17182,(anonymous_1265)
FN:17196,(anonymous_1266)
FN:17208,(anonymous_1267)
FN:17219,(anonymous_1268)
FN:17227,(anonymous_1269)
FN:17236,(anonymous_1270)
FN:17248,(anonymous_1271)
FN:17259,(anonymous_1272)
FN:17269,(anonymous_1273)
FN:17278,(anonymous_1274)
FN:17291,(anonymous_1275)
FN:17310,sanitizeURL
FN:17325,getValueForProperty
FN:17396,getValueForAttribute
FN:17431,setValueForProperty
FN:17561,getIteratorFn
FN:17588,disabledLog
FN:17592,disableLogs
FN:17627,reenableLogs
FN:17674,describeBuiltInComponentFrame
FN:17698,describeNativeComponentFrame
FN:17729,(anonymous_1286)
FN:17735,(anonymous_1287)
FN:17844,describeClassComponentFrame
FN:17850,describeFunctionComponentFrame
FN:17856,shouldConstruct
FN:17861,describeUnknownElementTypeFrameInDEV
FN:17913,describeFiber
FN:17949,getStackByFiberInDevAndProd
FN:17965,getWrappedName
FN:17970,getContextName
FN:17974,getComponentName
FN:18055,getCurrentFiberOwnerNameInDevOrNull
FN:18070,getCurrentFiberStackInDev
FN:18082,resetCurrentFiber
FN:18090,setCurrentFiber
FN:18098,setIsRendering
FN:18104,getIsRendering
FN:18113,toString
FN:18117,getToStringValue
FN:18142,checkControlledValueProps
FN:18154,isCheckable
FN:18160,getTracker
FN:18164,detachTracker
FN:18168,getValueFromNode
FN:18184,trackValueOnNode
FN:18200,(anonymous_1311)
FN:18203,(anonymous_1312)
FN:18216,(anonymous_1313)
FN:18219,(anonymous_1314)
FN:18222,(anonymous_1315)
FN:18230,track
FN:18239,updateValueIfChanged
FN:18262,getActiveElement
FN:18281,isControlled
FN:18303,getHostProps
FN:18317,initWrapperState
FN:18340,updateChecked
FN:18349,updateWrapper
FN:18406,postMountWrapper
FN:18471,restoreControlledState
FN:18477,updateNamedCousins
FN:18534,setDefaultValue
FN:18548,flattenChildren
FN:18555,(anonymous_1329)
FN:18571,validateProps
FN:18578,(anonymous_1331)
FN:18606,postMountWrapper$1
FN:18613,getHostProps$1
FN:18632,getDeclarationErrorAddendum
FN:18647,checkSelectPropTypes
FN:18669,updateOptions
FN:18737,getHostProps$2
FN:18743,initWrapperState$1
FN:18759,postMountWrapper$2
FN:18771,postUpdateWrapper
FN:18790,restoreControlledState$1
FN:18816,getHostProps$3
FN:18840,initWrapperState$2
FN:18893,updateWrapper$1
FN:18917,postMountWrapper$3
FN:18933,restoreControlledState$2
FN:18947,getIntrinsicNamespace
FN:18960,getChildNamespace
FN:18981,(anonymous_1349)
FN:18983,(anonymous_1350)
FN:18984,(anonymous_1351)
FN:19002,(anonymous_1352)
FN:19045,(anonymous_1353)
FN:19165,prefixKey
FN:19177,(anonymous_1355)
FN:19178,(anonymous_1356)
FN:19192,dangerousStyleValue
FN:19231,hyphenateStyleName
FN:19235,(anonymous_1359)
FN:19249,(anonymous_1360)
FN:19250,(anonymous_1361)
FN:19255,(anonymous_1362)
FN:19267,(anonymous_1363)
FN:19276,(anonymous_1364)
FN:19285,(anonymous_1365)
FN:19294,(anonymous_1366)
FN:19303,(anonymous_1367)
FN:19333,createDangerousStringForStyles
FN:19365,setValueForStyles
FN:19393,isValueEmpty
FN:19406,expandShorthandMap
FN:19435,validateShorthandPropertyCollisionInDev
FN:19490,assertValidProps
FN:19531,isCustomComponent
FN:20109,validateProperty
FN:20155,warnInvalidARIAProps
FN:20167,(anonymous_1377)
FN:20179,validateProperties
FN:20189,validateProperties$1
FN:20207,(anonymous_1380)
FN:20217,(anonymous_1381)
FN:20346,(anonymous_1382)
FN:20358,(anonymous_1383)
FN:20370,validateProperties$2
FN:20395,getEventTarget
FN:20413,restoreStateOfTarget
FN:20438,setRestoreImplementation
FN:20442,enqueueStateRestore
FN:20454,needsStateRestore
FN:20458,restoreStateIfNeeded
FN:20481,(anonymous_1391)
FN:20485,(anonymous_1392)
FN:20489,(anonymous_1393)
FN:20495,finishEventHandler
FN:20511,batchedUpdates
FN:20528,batchedEventUpdates
FN:20545,discreteUpdates
FN:20560,flushDiscreteUpdatesIfNeeded
FN:20568,setBatchingImplementation
FN:20575,isInteractive
FN:20579,shouldPreventMouseEvent
FN:20605,getListener
FN:20643,(anonymous_1403)
FN:20654,invokeGuardedCallbackProd
FN:20689,invokeGuardedCallbackDev
FN:20717,restoreAfterDispatch
FN:20737,callCallback
FN:20760,handleWindowError
FN:20827,(anonymous_1409)
FN:20846,invokeGuardedCallback
FN:20863,invokeGuardedCallbackAndCatchFirstError
FN:20881,rethrowCaughtError
FN:20890,hasCaughtError
FN:20894,clearCaughtError
FN:20919,get
FN:20923,has
FN:20927,set
FN:21000,getNearestMountedFiber
FN:21038,getSuspenseInstanceFromFiber
FN:21058,getContainerFromFiber
FN:21062,isFiberMounted
FN:21066,isMounted
FN:21090,assertIsMounted
FN:21098,findCurrentFiberUsingSlowPath
FN:21269,findCurrentHostFiber
FN:21309,findCurrentHostFiberWithNoPortals
FN:21349,doesFiberContain
FN:21366,setAttemptUserBlockingHydration
FN:21372,setAttemptContinuousHydration
FN:21378,setAttemptHydrationAtCurrentPriority
FN:21384,setAttemptHydrationAtPriority
FN:21403,hasQueuedDiscreteEvents
FN:21410,isReplayableDiscreteEvent
FN:21414,createQueuedReplayableEvent
FN:21424,queueDiscreteEvent
FN:21430,clearIfContinuousEvent
FN:21465,accumulateOrCreateContinuousQueuedReplayableEvent
FN:21495,queueIfContinuousEvent
FN:21542,attemptExplicitHydrationTarget
FN:21561,(anonymous_1440)
FN:21562,(anonymous_1441)
FN:21584,attemptReplayContinuousQueuedEvent
FN:21614,attemptReplayContinuousQueuedEventInMap
FN:21620,replayUnblockedEvents
FN:21678,scheduleCallbackIfUnblocked
FN:21692,retryIfBlockedOn
FN:21721,(anonymous_1447)
FN:21764,makePrefixMap
FN:21821,getVendorPrefixedEventName
FN:21874,registerSimplePluginEventsAndSetTheirPriorities
FN:21892,setEventPriorities
FN:21898,getEventPriorityForPluginSystem
FN:21906,registerSimpleEvents
FN:22011,setCurrentUpdateLanePriority
FN:22017,getHighestPriorityLanes
FN:22113,schedulerPriorityToLanePriority
FN:22134,lanePriorityToSchedulerPriority
FN:22171,getNextLanes
FN:22283,getMostRecentEventTime
FN:22302,computeExpirationTime
FN:22332,markStarvedLanesAsExpired
FN:22368,getLanesToRetrySynchronouslyOnError
FN:22382,returnNextLanesPriority
FN:22386,includesNonIdleWork
FN:22390,includesOnlyRetries
FN:22394,includesOnlyTransitions
FN:22400,findUpdateLane
FN:22480,findTransitionLane
FN:22502,findRetryLane
FN:22515,getHighestPriorityLane
FN:22519,getLowestPriorityLane
FN:22525,getEqualOrHigherPriorityLanes
FN:22529,pickArbitraryLane
FN:22537,pickArbitraryLaneIndex
FN:22541,laneToIndex
FN:22545,includesSomeLane
FN:22549,isSubsetOfLanes
FN:22553,mergeLanes
FN:22557,removeLanes
FN:22563,laneToLanes
FN:22567,higherPriorityLane
FN:22572,createLaneMap
FN:22584,markRootUpdated
FN:22607,markRootSuspended
FN:22622,markRootPinged
FN:22626,markDiscreteUpdatesExpired
FN:22630,hasDiscreteLanes
FN:22634,markRootMutableRead
FN:22638,markRootFinished
FN:22663,markRootEntangled
FN:22683,clz32Fallback
FN:22698,setEnabled
FN:22702,isEnabled
FN:22706,createEventListenerWrapperWithPriority
FN:22728,dispatchDiscreteEvent
FN:22735,dispatchUserBlockingUpdate
FN:22741,dispatchEvent
FN:22799,attemptToDispatchEvent
FN:22853,addEventBubbleListener
FN:22858,addEventCaptureListener
FN:22863,addEventCaptureListenerWithPassiveFlag
FN:22871,addEventBubbleListenerWithPassiveFlag
FN:22894,initialize
FN:22900,reset
FN:22906,getData
FN:22937,getText
FN:22956,getEventCharCode
FN:22986,functionThatReturnsTrue
FN:22990,functionThatReturnsFalse
FN:22996,createSyntheticEvent
FN:23010,SyntheticBaseEvent
FN:23045,(anonymous_1512)
FN:23061,(anonymous_1513)
FN:23087,(anonymous_1514)
FN:23110,(anonymous_1515)
FN:23128,updateMouseMovementPolyfillState
FN:23161,(anonymous_1517)
FN:23165,(anonymous_1518)
FN:23173,(anonymous_1519)
FN:23225,(anonymous_1520)
FN:23317,getEventKey
FN:23361,modifierStateGetter
FN:23373,getEventModifierState
FN:23394,(anonymous_1524)
FN:23405,(anonymous_1525)
FN:23418,(anonymous_1526)
FN:23489,(anonymous_1527)
FN:23493,(anonymous_1528)
FN:23528,registerEvents
FN:23543,isKeypressCommand
FN:23552,getCompositionEventType
FN:23570,isFallbackCompositionStart
FN:23578,isFallbackCompositionEnd
FN:23610,getDataFromCustomEvent
FN:23631,isUsingKoreanIME
FN:23641,extractCompositionEvent
FN:23694,getNativeBeforeInputChars
FN:23746,getFallbackBeforeInputChars
FN:23816,extractBeforeInputEvent
FN:23862,extractEvents
FN:23889,isTextInputElement
FN:23917,isEventSupported
FN:23934,registerEvents$1
FN:23938,createAndAccumulateChangeEvent
FN:23962,shouldUseChangeEvent
FN:23967,manualDispatchChangeEvent
FN:23984,runEventInBatch
FN:23988,getInstIfValueChanged
FN:23996,getTargetInstForChangeEvent
FN:24020,startWatchingForValueChange
FN:24031,stopWatchingForValueChange
FN:24046,handlePropertyChange
FN:24056,handleEventsForInputEventPolyfill
FN:24076,getTargetInstForInputEventPolyfill
FN:24096,shouldUseClickEvent
FN:24104,getTargetInstForClickEvent
FN:24110,getTargetInstForInputOrChangeEvent
FN:24116,handleControlledInputBlur
FN:24140,extractEvents$1
FN:24176,registerEvents$2
FN:24191,extractEvents$2
FN:24296,is
FN:24309,shallowEqual
FN:24342,getLeafNode
FN:24358,getSiblingNode
FN:24376,getNodeForCharacterOffset
FN:24404,getOffsets
FN:24446,getModernOffsetsFromPoints
FN:24534,setOffsets
FN:24578,isTextNode
FN:24582,containsNode
FN:24600,isInDocument
FN:24604,isSameOriginFrame
FN:24619,getActiveElementDeep
FN:24649,hasSelectionCapabilities
FN:24654,getSelectionInformation
FN:24668,restoreSelection
FN:24711,getSelection
FN:24738,setSelection
FN:24756,registerEvents$3
FN:24771,getSelection$1
FN:24793,getEventTargetDocument
FN:24805,constructSelectEvent
FN:24849,extractEvents$3
FN:24904,extractEvents$4
FN:25055,extractEvents$5
FN:25096,executeDispatch
FN:25103,processDispatchQueueItemsInOrder
FN:25137,processDispatchQueue
FN:25151,dispatchEventsForPlugins
FN:25158,listenToNonDelegatedEvent
FN:25171,listenToAllSupportedEvents
FN:25182,(anonymous_1593)
FN:25192,listenToNativeEvent
FN:25238,addTrappedEventListener
FN:25274,isMatchingRootContainer
FN:25278,dispatchEventForPluginEventSystem
FN:25365,(anonymous_1598)
FN:25370,createDispatchListener
FN:25378,accumulateSinglePhaseListeners
FN:25422,accumulateTwoPhaseListeners
FN:25453,getParent
FN:25478,getLowestCommonAncestor
FN:25520,accumulateEnterLeaveListenersForEvent
FN:25573,accumulateEnterLeaveTwoPhaseListeners
FN:25585,getListenerSetKey
FN:25620,(anonymous_1607)
FN:25646,(anonymous_1608)
FN:25651,(anonymous_1609)
FN:25667,(anonymous_1610)
FN:25683,(anonymous_1611)
FN:25690,(anonymous_1612)
FN:25696,(anonymous_1613)
FN:25706,(anonymous_1614)
FN:25717,getOwnerDocumentFromRootContainer
FN:25721,noop
FN:25723,trapClickOnNonInteractiveElement
FN:25736,setInitialDOMProperties
FN:25790,updateDOMProperties
FN:25808,createElement
FN:25886,createTextNode
FN:25890,setInitialProperties
FN:26019,diffProperties
FN:26205,updateProperties
FN:26239,getPossibleStandardName
FN:26251,diffHydratedProperties
FN:26535,diffHydratedText
FN:26540,warnForUnmatchedText
FN:26546,warnForDeletedHydratableElement
FN:26557,warnForDeletedHydratableText
FN:26568,warnForInsertedHydratedElement
FN:26579,warnForInsertedHydratedText
FN:26598,restoreControlledState$3
FN:26614,(anonymous_1634)
FN:26616,(anonymous_1635)
FN:26651,(anonymous_1636)
FN:26712,(anonymous_1637)
FN:26808,(anonymous_1638)
FN:26874,(anonymous_1639)
FN:26942,shouldAutoFocusHostComponent
FN:26954,getRootHostContext
FN:26989,getChildHostContext
FN:27001,getPublicInstance
FN:27005,prepareForCommit
FN:27013,resetAfterCommit
FN:27020,createInstance
FN:27041,appendInitialChild
FN:27045,finalizeInitialChildren
FN:27050,prepareUpdate
FN:27063,shouldSetTextContent
FN:27067,createTextInstance
FN:27083,commitMount
FN:27095,commitUpdate
FN:27103,resetTextContent
FN:27107,commitTextUpdate
FN:27111,appendChild
FN:27115,appendChildToContainer
FN:27142,insertBefore
FN:27146,insertInContainerBefore
FN:27154,removeChild
FN:27158,removeChildFromContainer
FN:27166,hideInstance
FN:27179,hideTextInstance
FN:27183,unhideInstance
FN:27190,unhideTextInstance
FN:27194,clearContainer
FN:27207,canHydrateInstance
FN:27216,canHydrateTextInstance
FN:27226,isSuspenseInstancePending
FN:27230,isSuspenseInstanceFallback
FN:27234,getNextHydratable
FN:27247,getNextHydratableSibling
FN:27251,getFirstHydratableChild
FN:27255,hydrateInstance
FN:27268,hydrateTextInstance
FN:27273,getNextHydratableInstanceAfterSuspenseInstance
FN:27305,getParentSuspenseInstance
FN:27333,commitHydratedContainer
FN:27338,commitHydratedSuspenseInstance
FN:27343,didNotMatchHydratedContainerTextInstance
FN:27349,didNotMatchHydratedTextInstance
FN:27355,didNotHydrateContainerInstance
FN:27365,didNotHydrateInstance
FN:27375,didNotFindHydratableContainerInstance
FN:27381,didNotFindHydratableContainerTextInstance
FN:27387,didNotFindHydratableInstance
FN:27393,didNotFindHydratableTextInstance
FN:27399,didNotFindHydratableSuspenseInstance
FN:27405,makeClientIdInDEV
FN:27408,(anonymous_1690)
FN:27412,(anonymous_1691)
FN:27419,isOpaqueHydratingObject
FN:27423,makeOpaqueHydratingObject
FN:27431,preparePortalMount
FN:27443,precacheFiberNode
FN:27447,markContainerAsRoot
FN:27451,unmarkContainerAsRoot
FN:27455,isContainerMarkedAsRoot
FN:27466,getClosestInstanceFromNode
FN:27550,getInstanceFromNode
FN:27569,getNodeFromInstance
FN:27585,getFiberCurrentPropsFromNode
FN:27589,updateFiberProps
FN:27593,getEventListenerSet
FN:27606,setCurrentlyValidatingElement
FN:27618,checkPropTypes
FN:27669,createCursor
FN:27675,pop
FN:27696,push
FN:27722,getUnmaskedContext
FN:27736,cacheContext
FN:27744,getMaskedContext
FN:27782,hasContextChanged
FN:27788,isContextProvider
FN:27795,popContext
FN:27802,popTopLevelContextObject
FN:27809,pushTopLevelContextObject
FN:27822,processChildContext
FN:27858,pushContextProvider
FN:27874,invalidateContextProvider
FN:27904,findCurrentUnmaskedContext
FN:27952,injectInternals
FN:27990,onScheduleRoot
FN:28005,onCommitRoot
FN:28026,onCommitUnmount
FN:28076,(anonymous_1726)
FN:28088,(anonymous_1727)
FN:28092,getCurrentPriorityLevel
FN:28118,reactPriorityToSchedulerPriority
FN:28144,runWithPriority$1
FN:28149,scheduleCallback
FN:28154,scheduleSyncCallback
FN:28170,cancelCallback
FN:28176,flushSyncCallbackQueue
FN:28186,flushSyncCallbackQueueImpl
FN:28195,(anonymous_1736)
FN:28234,requestCurrentTransition
FN:28239,(anonymous_1738)
FN:28240,(anonymous_1739)
FN:28241,(anonymous_1740)
FN:28242,(anonymous_1741)
FN:28243,(anonymous_1742)
FN:28246,(anonymous_1743)
FN:28261,(anonymous_1744)
FN:28263,(anonymous_1745)
FN:28278,(anonymous_1746)
FN:28310,(anonymous_1747)
FN:28315,(anonymous_1748)
FN:28325,(anonymous_1749)
FN:28335,(anonymous_1750)
FN:28345,(anonymous_1751)
FN:28355,(anonymous_1752)
FN:28365,(anonymous_1753)
FN:28414,(anonymous_1754)
FN:28439,(anonymous_1755)
FN:28440,(anonymous_1756)
FN:28447,(anonymous_1757)
FN:28462,(anonymous_1758)
FN:28473,resolveDefaultProps
FN:28507,resetContextDependencies
FN:28518,enterDisallowedContextReadInDEV
FN:28524,exitDisallowedContextReadInDEV
FN:28530,pushProvider
FN:28545,popProvider
FN:28554,calculateChangedBits
FN:28569,scheduleWorkOnParentPath
[...]
BRDA:53607,5797,0,0
BRDA:53607,5797,1,0
BRDA:53615,5798,0,0
BRDA:53615,5798,1,0
BRDA:53616,5799,0,0
BRDA:53616,5799,1,0
BRDA:53626,5800,0,0
BRDA:53626,5800,1,0
BRDA:53626,5801,0,0
BRDA:53626,5801,1,0
BRDA:53628,5802,0,0
BRDA:53628,5802,1,0
BRDA:53632,5803,0,0
BRDA:53632,5803,1,0
BRDA:53632,5804,0,0
BRDA:53632,5804,1,0
BRDA:53647,5805,0,0
BRDA:53647,5805,1,0
BRDA:53649,5806,0,0
BRDA:53649,5806,1,0
BRDA:53663,5807,0,0
BRDA:53663,5807,1,0
BRDA:53666,5808,0,0
BRDA:53666,5808,1,0
BRDA:53675,5809,0,0
BRDA:53675,5809,1,0
BRDA:53685,5810,0,0
BRDA:53685,5810,1,0
BRDA:53685,5811,0,0
BRDA:53685,5811,1,0
BRDA:53703,5812,0,0
BRDA:53703,5812,1,0
BRDA:53704,5813,0,0
BRDA:53704,5813,1,0
BRDA:53704,5814,0,0
BRDA:53704,5814,1,0
BRDA:53706,5815,0,0
BRDA:53706,5815,1,0
BRDA:53727,5816,0,0
BRDA:53727,5816,1,0
BRDA:53727,5817,0,0
BRDA:53727,5817,1,0
BRDA:53727,5817,2,0
BRDA:53734,5818,0,0
BRDA:53734,5818,1,0
BRDA:53744,5819,0,0
BRDA:53744,5819,1,0
BRDA:53744,5820,0,0
BRDA:53744,5820,1,0
BRDA:53744,5820,2,0
BRDA:53767,5821,0,0
BRDA:53767,5821,1,0
BRDA:53771,5822,0,0
BRDA:53771,5822,1,0
BRDA:53775,5823,0,0
BRDA:53775,5823,1,0
BRDA:53779,5824,0,0
BRDA:53779,5824,1,0
BRDA:53781,5825,0,0
BRDA:53781,5825,1,0
BRDA:53784,5826,0,0
BRDA:53784,5826,1,0
BRDA:53787,5827,0,0
BRDA:53787,5827,1,0
BRDA:53790,5828,0,0
BRDA:53790,5828,1,0
BRDA:53795,5829,0,0
BRDA:53795,5829,1,0
BRDA:53815,5830,0,0
BRDA:53815,5830,1,0
BRDA:53815,5831,0,0
BRDA:53815,5831,1,0
BRDA:53815,5831,2,0
BRDA:53821,5832,0,0
BRDA:53821,5832,1,0
BRDA:53823,5833,0,0
BRDA:53823,5833,1,0
BRDA:53823,5834,0,0
BRDA:53823,5834,1,0
BRDA:53823,5834,2,0
BRDA:53831,5835,0,0
BRDA:53831,5835,1,0
BRDA:53835,5836,0,0
BRDA:53835,5836,1,0
BRDA:53835,5837,0,0
BRDA:53835,5837,1,0
BRDA:53840,5838,0,0
BRDA:53840,5838,1,0
BRDA:53843,5839,0,0
BRDA:53843,5839,1,0
BRDA:53843,5840,0,0
BRDA:53843,5840,1,0
BRDA:53861,5841,0,0
BRDA:53861,5841,1,0
BRDA:53861,5842,0,0
BRDA:53861,5842,1,0
BRDA:53869,5843,0,0
BRDA:53869,5843,1,0
BRDA:53881,5844,0,0
BRDA:53881,5844,1,0
BRDA:53884,5845,0,0
BRDA:53884,5845,1,0
BRDA:53884,5846,0,0
BRDA:53884,5846,1,0
BRDA:53884,5846,2,0
BRDA:53884,5846,3,0
BRDA:53890,5847,0,0
BRDA:53890,5847,1,0
BRDA:53898,5848,0,0
BRDA:53898,5848,1,0
BRDA:53900,5849,0,0
BRDA:53900,5849,1,0
BRDA:53902,5850,0,0
BRDA:53902,5850,1,0
BRDA:53902,5851,0,0
BRDA:53902,5851,1,0
BRDA:53903,5852,0,0
BRDA:53903,5852,1,0
BRDA:53917,5853,0,0
BRDA:53917,5853,1,0
BRDA:53926,5854,0,0
BRDA:53926,5854,1,0
BRDA:53932,5855,0,0
BRDA:53932,5855,1,0
BRDA:53947,5856,0,0
BRDA:53947,5856,1,0
BRDA:54037,5857,0,0
BRDA:54037,5857,1,0
BRDA:54053,5858,0,0
BRDA:54053,5858,1,0
BRDA:54083,5859,0,0
BRDA:54083,5859,1,0
BRDA:54084,5860,0,0
BRDA:54084,5860,1,0
BRDA:54084,5860,2,0
BRDA:54085,5861,0,0
BRDA:54085,5861,1,0
BRDA:54085,5861,2,0
BRDA:54086,5862,0,0
BRDA:54086,5862,1,0
BRDA:54087,5863,0,0
BRDA:54087,5863,1,0
BRDA:54088,5864,0,0
BRDA:54088,5864,1,0
BRDA:54090,5865,0,0
BRDA:54090,5865,1,0
BRDA:54090,5866,0,0
BRDA:54090,5866,1,0
BRDA:54093,5867,0,0
BRDA:54093,5867,1,0
BRDA:54099,5868,0,0
BRDA:54099,5868,1,0
BRDA:54102,5869,0,0
BRDA:54102,5869,1,0
BRDA:54104,5870,0,0
BRDA:54104,5870,1,0
BRDA:54104,5870,2,0
BRDA:54114,5871,0,0
BRDA:54114,5871,1,0
BRDA:54116,5872,0,0
BRDA:54116,5872,1,0
BRDA:54119,5873,0,0
BRDA:54119,5873,1,0
BRDA:54125,5874,0,0
BRDA:54125,5874,1,0
BRDA:54126,5875,0,0
BRDA:54126,5875,1,0
BRDA:54126,5876,0,0
BRDA:54126,5876,1,0
BRDA:54126,5876,2,0
BRDA:54126,5876,3,0
BRDA:54128,5877,0,0
BRDA:54128,5877,1,0
BRDA:54128,5878,0,0
BRDA:54128,5878,1,0
BRDA:54154,5879,0,0
BRDA:54154,5879,1,0
BRDA:54200,5880,0,0
BRDA:54200,5880,1,0
BRDA:54200,5881,0,0
BRDA:54200,5881,1,0
BRDA:54218,5882,0,0
BRDA:54218,5882,1,0
BRDA:54223,5883,0,0
BRDA:54223,5883,1,0
BRDA:54233,5884,0,0
BRDA:54233,5884,1,0
BRDA:54240,5885,0,0
BRDA:54240,5885,1,0
BRDA:54240,5886,0,0
BRDA:54240,5886,1,0
BRDA:54252,5887,0,0
BRDA:54252,5887,1,0
BRDA:54252,5888,0,0
BRDA:54252,5888,1,0
BRDA:54256,5889,0,0
BRDA:54256,5889,1,0
BRDA:54276,5890,0,0
BRDA:54276,5890,1,0
BRDA:54285,5891,0,0
BRDA:54285,5891,1,0
BRDA:54293,5892,0,0
BRDA:54293,5892,1,0
BRDA:54304,5893,0,0
BRDA:54304,5893,1,0
BRDA:54304,5894,0,0
BRDA:54304,5894,1,0
BRDA:54316,5895,0,0
BRDA:54316,5895,1,0
BRDA:54326,5896,0,0
BRDA:54326,5896,1,0
BRDA:54326,5897,0,0
BRDA:54326,5897,1,0
BRDA:54345,5898,0,0
BRDA:54345,5898,1,0
BRDA:54362,5899,0,0
BRDA:54362,5899,1,0
BRDA:54375,5900,0,0
BRDA:54375,5900,1,0
BRDA:54382,5901,0,0
BRDA:54382,5901,1,0
BRDA:54394,5902,0,0
BRDA:54394,5902,1,0
BRDA:54401,5903,0,0
BRDA:54401,5903,1,0
BRDA:54413,5904,0,0
BRDA:54413,5904,1,0
BRDA:54420,5905,0,0
BRDA:54420,5905,1,0
BRDA:54432,5906,0,0
BRDA:54432,5906,1,0
BRDA:54439,5907,0,0
BRDA:54439,5907,1,0
BRDA:54451,5908,0,0
BRDA:54451,5908,1,0
BRDA:54458,5909,0,0
BRDA:54458,5909,1,0
BRDA:54470,5910,0,0
BRDA:54470,5910,1,0
BRDA:54477,5911,0,0
BRDA:54477,5911,1,0
BRDA:54512,5912,0,0
BRDA:54512,5912,1,0
BRDA:54522,5913,0,0
BRDA:54522,5913,1,0
BRDA:54524,5914,0,0
BRDA:54524,5914,1,0
BRDA:54539,5915,0,0
BRDA:54539,5915,1,0
BRDA:54541,5916,0,0
BRDA:54541,5916,1,0
BRDA:54549,5917,0,0
BRDA:54549,5917,1,0
BRDA:54565,5918,0,0
BRDA:54565,5918,1,0
BRDA:54592,5919,0,0
BRDA:54592,5919,1,0
BRDA:54599,5920,0,0
BRDA:54599,5920,1,0
BRDA:54604,5921,0,0
BRDA:54604,5921,1,0
BRDA:54632,5922,0,0
BRDA:54632,5922,1,0
BRDA:54632,5923,0,0
BRDA:54632,5923,1,0
BRDA:54638,5924,0,0
BRDA:54638,5924,1,0
BRDA:54647,5925,0,0
BRDA:54647,5925,1,0
BRDA:54658,5926,0,0
BRDA:54658,5926,1,0
BRDA:54685,5927,0,0
BRDA:54685,5927,1,0
BRDA:54712,5928,0,0
BRDA:54712,5928,1,0
BRDA:54718,5929,0,0
BRDA:54718,5929,1,0
BRDA:54721,5930,0,0
BRDA:54721,5930,1,0
BRDA:54739,5931,0,0
BRDA:54739,5931,1,0
BRDA:54739,5932,0,0
BRDA:54739,5932,1,0
BRDA:54761,5933,0,0
BRDA:54761,5933,1,0
BRDA:54761,5934,0,0
BRDA:54761,5934,1,0
BRDA:54762,5935,0,0
BRDA:54762,5935,1,0
BRDA:54762,5936,0,0
BRDA:54762,5936,1,0
BRDA:54771,5937,0,0
BRDA:54771,5937,1,0
BRDA:54771,5938,0,0
BRDA:54771,5938,1,0
BRDA:54785,5939,0,0
BRDA:54785,5939,1,0
BRDA:54828,5940,0,0
BRDA:54828,5940,1,0
BRDA:54831,5941,0,0
BRDA:54831,5941,1,0
BRDA:54849,5942,0,0
BRDA:54849,5942,1,0
BRDA:54850,5943,0,0
BRDA:54850,5943,1,0
BRDA:54856,5944,0,0
BRDA:54856,5944,1,0
BRDA:54866,5945,0,0
BRDA:54866,5945,1,0
BRDA:54876,5946,0,0
BRDA:54876,5946,1,0
BRDA:54880,5947,0,0
BRDA:54880,5947,1,0
BRDA:54904,5948,0,0
BRDA:54904,5948,1,0
BRDA:54905,5949,0,0
BRDA:54905,5949,1,0
BRDA:54905,5950,0,0
BRDA:54905,5950,1,0
BRDA:54905,5950,2,0
BRDA:54912,5951,0,0
BRDA:54912,5951,1,0
BRDA:54919,5952,0,0
BRDA:54919,5952,1,0
BRDA:54922,5953,0,0
BRDA:54922,5953,1,0
BRDA:54936,5954,0,0
BRDA:54936,5954,1,0
BRDA:54941,5955,0,0
BRDA:54941,5955,1,0
BRDA:54950,5956,0,0
BRDA:54950,5956,1,0
BRDA:54950,5956,2,0
BRDA:54950,5956,3,0
BRDA:54950,5956,4,0
BRDA:54950,5956,5,0
BRDA:54975,5957,0,0
BRDA:54975,5957,1,0
BRDA:54975,5957,2,0
BRDA:54975,5957,3,0
BRDA:55018,5958,0,0
BRDA:55018,5958,1,0
BRDA:55018,5959,0,0
BRDA:55018,5959,1,0
BRDA:55021,5960,0,0
BRDA:55021,5960,1,0
BRDA:55021,5961,0,0
BRDA:55021,5961,1,0
BRDA:55032,5962,0,0
BRDA:55032,5962,1,0
BRDA:55032,5962,2,0
BRDA:55032,5962,3,0
BRDA:55032,5962,4,0
BRDA:55032,5962,5,0
BRDA:55065,5963,0,0
BRDA:55065,5963,1,0
BRDA:55070,5964,0,0
BRDA:55070,5964,1,0
BRDA:55070,5965,0,0
BRDA:55070,5965,1,0
BRDA:55072,5966,0,0
BRDA:55072,5966,1,0
BRDA:55086,5967,0,0
BRDA:55086,5967,1,0
BRDA:55086,5968,0,0
BRDA:55086,5968,1,0
BRDA:55098,5969,0,0
BRDA:55098,5969,1,0
BRDA:55098,5970,0,0
BRDA:55098,5970,1,0
BRDA:55151,5971,0,0
BRDA:55151,5971,1,0
BRDA:55167,5972,0,0
BRDA:55167,5972,1,0
BRDA:55185,5973,0,0
BRDA:55185,5973,1,0
BRDA:55202,5974,0,0
BRDA:55202,5974,1,0
BRDA:55208,5975,0,0
BRDA:55208,5975,1,0
BRDA:55208,5975,2,0
BRDA:55208,5975,3,0
BRDA:55218,5976,0,0
BRDA:55218,5976,1,0
BRDA:55221,5977,0,0
BRDA:55221,5977,1,0
BRDA:55221,5978,0,0
BRDA:55221,5978,1,0
BRDA:55245,5979,0,0
BRDA:55245,5979,1,0
BRDA:55260,5980,0,0
BRDA:55260,5980,1,0
BRDA:55261,5981,0,0
BRDA:55261,5981,1,0
BRDA:55271,5982,0,0
BRDA:55271,5982,1,0
BRDA:55290,5983,0,0
BRDA:55290,5983,1,0
BRDA:55292,5984,0,0
BRDA:55292,5984,1,0
BRDA:55293,5985,0,0
BRDA:55293,5985,1,0
BRDA:55295,5986,0,0
BRDA:55295,5986,1,0
BRDA:55304,5987,0,0
BRDA:55304,5987,1,0
BRDA:55307,5988,0,0
BRDA:55307,5988,1,0
BRDA:55309,5989,0,0
BRDA:55309,5989,1,0
BRDA:55321,5990,0,0
BRDA:55339,5991,0,0
BRDA:55339,5991,1,0
BRDA:55339,5992,0,0
BRDA:55339,5992,1,0
BRDA:55343,5993,0,0
BRDA:55349,5994,0,0
BRDA:55349,5994,1,0
BRDA:55353,5995,0,0
BRDA:55353,5995,1,0
BRDA:55366,5996,0,0
BRDA:55366,5996,1,0
BRDA:55372,5997,0,0
BRDA:55372,5997,1,0
BRDA:55372,5998,0,0
BRDA:55372,5998,1,0
BRDA:55379,5999,0,0
BRDA:55398,6000,0,0
BRDA:55398,6000,1,0
BRDA:55400,6001,0,0
BRDA:55400,6001,1,0
BRDA:55414,6002,0,0
BRDA:55414,6002,1,0
BRDA:55415,6003,0,0
BRDA:55415,6003,1,0
BRDA:55415,6004,0,0
BRDA:55415,6004,1,0
BRDA:55415,6004,2,0
BRDA:55427,6005,0,0
BRDA:55427,6005,1,0
BRDA:55430,6006,0,0
BRDA:55430,6006,1,0
BRDA:55430,6007,0,0
BRDA:55430,6007,1,0
BRDA:55434,6008,0,0
BRDA:55434,6008,1,0
BRDA:55437,6009,0,0
BRDA:55437,6009,1,0
BRDA:55439,6010,0,0
BRDA:55439,6010,1,0
BRDA:55456,6011,0,0
BRDA:55456,6011,1,0
BRDA:55482,6012,0,0
BRDA:55482,6012,1,0
BRDA:55486,6013,0,0
BRDA:55486,6013,1,0
BRDA:55490,6014,0,0
BRDA:55490,6014,1,0
BRDA:55509,6015,0,0
BRDA:55509,6015,1,0
BRDA:55510,6016,0,0
BRDA:55510,6016,1,0
BRDA:55516,6017,0,0
BRDA:55516,6017,1,0
BRDA:55552,6018,0,0
BRDA:55552,6018,1,0
BRDA:55556,6019,0,0
BRDA:55556,6019,1,0
BRDA:55556,6020,0,0
BRDA:55556,6020,1,0
BRDA:55559,6021,0,0
BRDA:55559,6021,1,0
BRDA:55560,6022,0,0
BRDA:55560,6022,1,0
BRDA:55561,6023,0,0
BRDA:55561,6023,1,0
BRDA:55565,6024,0,0
BRDA:55565,6024,1,0
BRDA:55586,6025,0,0
BRDA:55586,6025,1,0
BRDA:55586,6026,0,0
BRDA:55586,6026,1,0
BRDA:55586,6026,2,0
BRDA:55590,6027,0,0
BRDA:55590,6027,1,0
BRDA:55591,6028,0,0
BRDA:55591,6028,1,0
BRDA:55595,6029,0,0
BRDA:55595,6029,1,0
BRDA:55672,6030,0,0
BRDA:55672,6030,1,0
BRDA:55676,6031,0,0
BRDA:55676,6031,1,0
BRDA:55676,6031,2,0
BRDA:55680,6032,0,0
BRDA:55680,6032,1,0
BRDA:55680,6033,0,0
BRDA:55680,6033,1,0
BRDA:55680,6034,0,0
BRDA:55680,6034,1,0
BRDA:55692,6035,0,0
BRDA:55692,6035,1,0
BRDA:55698,6036,0,0
BRDA:55698,6036,1,0
BRDA:55703,6037,0,0
BRDA:55703,6037,1,0
BRDA:55712,6038,0,0
BRDA:55712,6038,1,0
BRDA:55724,6039,0,0
BRDA:55724,6039,1,0
BRDA:55759,6040,0,0
BRDA:55759,6040,1,0
BRDA:55759,6041,0,0
BRDA:55759,6041,1,0
BRDA:55783,6042,0,0
BRDA:55783,6042,1,0
BRDA:55786,6043,0,0
BRDA:55786,6043,1,0
BRDA:55807,6044,0,0
BRDA:55807,6044,1,0
BRDA:55828,6045,0,0
BRDA:55828,6045,1,0
BRDA:55861,6046,0,0
BRDA:55861,6046,1,0
BRDA:55862,6047,0,0
BRDA:55862,6047,1,0
BRDA:55875,6048,0,0
BRDA:55875,6048,1,0
BRDA:55877,6049,0,0
BRDA:55877,6049,1,0
BRDA:55877,6050,0,0
BRDA:55877,6050,1,0
BRDA:55877,6051,0,0
BRDA:55877,6051,1,0
BRDA:55899,6052,0,0
BRDA:55899,6052,1,0
BRDA:55899,6052,2,0
BRDA:55899,6052,3,0
BRDA:56008,6053,0,0
BRDA:56008,6053,1,0
BRDA:56008,6054,0,0
BRDA:56008,6054,1,0
BRDA:56008,6054,2,0
BRDA:56015,6055,0,0
BRDA:56015,6055,1,0
BRDA:56023,6056,0,0
BRDA:56023,6056,1,0
BRDA:56023,6057,0,0
BRDA:56023,6057,1,0
BRDA:56033,6058,0,0
BRDA:56033,6058,1,0
BRDA:56033,6059,0,0
BRDA:56033,6059,1,0
BRDA:56037,6060,0,0
BRDA:56037,6060,1,0
BRDA:56042,6061,0,0
BRDA:56042,6061,1,0
BRDA:56045,6062,0,0
BRDA:56045,6062,1,0
BRDA:56050,6063,0,0
BRDA:56050,6063,1,0
BRDA:56061,6064,0,0
BRDA:56061,6064,1,0
BRDA:56072,6065,0,0
BRDA:56072,6065,1,0
BRDA:56072,6066,0,0
BRDA:56072,6066,1,0
BRDA:56072,6066,2,0
BRDA:56075,6067,0,0
BRDA:56075,6067,1,0
BRDA:56075,6068,0,0
BRDA:56075,6068,1,0
BRDA:56075,6069,0,0
BRDA:56075,6069,1,0
BRDA:56081,6070,0,0
BRDA:56081,6070,1,0
BRDA:56081,6071,0,0
BRDA:56081,6071,1,0
BRDA:56081,6071,2,0
BRDA:56081,6071,3,0
BRDA:56100,6072,0,0
BRDA:56100,6072,1,0
BRDA:56100,6073,0,0
BRDA:56100,6073,1,0
BRDA:56100,6073,2,0
BRDA:56107,6074,0,0
BRDA:56107,6074,1,0
BRDA:56118,6075,0,0
BRDA:56118,6075,1,0
BRDA:56129,6076,0,0
BRDA:56129,6076,1,0
BRDA:56129,6077,0,0
BRDA:56129,6077,1,0
BRDA:56129,6077,2,0
BRDA:56133,6078,0,0
BRDA:56133,6078,1,0
BRDA:56140,6079,0,0
BRDA:56140,6079,1,0
BRDA:56143,6080,0,0
BRDA:56143,6080,1,0
BRDA:56145,6081,0,0
BRDA:56145,6081,1,0
BRDA:56150,6082,0,0
BRDA:56150,6082,1,0
BRDA:56152,6083,0,0
BRDA:56152,6083,1,0
BRDA:56156,6084,0,0
BRDA:56156,6084,1,0
BRDA:56167,6085,0,0
BRDA:56167,6085,1,0
BRDA:56172,6086,0,0
BRDA:56172,6086,1,0
BRDA:56177,6087,0,0
BRDA:56177,6087,1,0
BRDA:56188,6088,0,0
BRDA:56188,6088,1,0
BRDA:56195,6089,0,0
BRDA:56195,6089,1,0
BRDA:56203,6090,0,0
BRDA:56203,6090,1,0
BRDA:56204,6091,0,0
BRDA:56204,6091,1,0
BRDA:56209,6092,0,0
BRDA:56209,6092,1,0
BRDA:56212,6093,0,0
BRDA:56212,6093,1,0
BRDA:56220,6094,0,0
BRDA:56220,6094,1,0
BRDA:56226,6095,0,0
BRDA:56226,6095,1,0
BRDA:56229,6096,0,0
BRDA:56229,6096,1,0
BRDA:56240,6097,0,0
BRDA:56240,6097,1,0
BRDA:56248,6098,0,0
BRDA:56248,6098,1,0
BRDA:56252,6099,0,0
BRDA:56252,6099,1,0
BRDA:56257,6100,0,0
BRDA:56257,6100,1,0
BRDA:56263,6101,0,0
BRDA:56263,6101,1,0
BRDA:56265,6102,0,0
BRDA:56265,6102,1,0
BRDA:56265,6103,0,0
BRDA:56265,6103,1,0
BRDA:56265,6103,2,0
BRDA:56270,6104,0,0
BRDA:56270,6104,1,0
BRDA:56270,6105,0,0
BRDA:56270,6105,1,0
BRDA:56271,6106,0,0
BRDA:56271,6106,1,0
BRDA:56272,6107,0,0
BRDA:56272,6107,1,0
BRDA:56287,6108,0,0
BRDA:56287,6108,1,0
BRDA:56288,6109,0,0
BRDA:56288,6109,1,0
BRDA:56293,6110,0,0
BRDA:56293,6110,1,0
BRDA:56295,6111,0,0
BRDA:56295,6111,1,0
BRDA:56301,6112,0,0
BRDA:56301,6112,1,0
BRDA:56302,6113,0,0
BRDA:56302,6113,1,0
BRDA:56303,6114,0,0
BRDA:56303,6114,1,0
BRDA:56307,6115,0,0
BRDA:56307,6115,1,0
BRDA:56309,6116,0,0
BRDA:56309,6116,1,0
BRDA:56310,6117,0,0
BRDA:56310,6117,1,0
BRDA:56312,6118,0,0
BRDA:56312,6118,1,0
BRDA:56317,6119,0,0
BRDA:56317,6119,1,0
BRDA:56317,6120,0,0
BRDA:56317,6120,1,0
BRDA:56317,6120,2,0
BRDA:56321,6121,0,0
BRDA:56321,6121,1,0
BRDA:56321,6121,2,0
BRDA:56321,6121,3,0
BRDA:56322,6122,0,0
BRDA:56322,6122,1,0
BRDA:56322,6123,0,0
BRDA:56322,6123,1,0
BRDA:56325,6124,0,0
BRDA:56325,6124,1,0
BRDA:56325,6125,0,0
BRDA:56325,6125,1,0
BRDA:56325,6125,2,0
BRDA:56325,6125,3,0
BRDA:56326,6126,0,0
BRDA:56326,6126,1,0
BRDA:56327,6127,0,0
BRDA:56327,6127,1,0
BRDA:56327,6128,0,0
BRDA:56327,6128,1,0
BRDA:56328,6129,0,0
BRDA:56328,6129,1,0
BRDA:56332,6130,0,0
BRDA:56332,6130,1,0
BRDA:56332,6131,0,0
BRDA:56332,6131,1,0
BRDA:56333,6132,0,0
BRDA:56333,6132,1,0
BRDA:56333,6133,0,0
BRDA:56333,6133,1,0
BRDA:56350,6134,0,0
BRDA:56350,6134,1,0
BRDA:56355,6135,0,0
BRDA:56355,6135,1,0
BRDA:56373,6136,0,0
BRDA:56373,6136,1,0
BRDA:56379,6137,0,0
BRDA:56379,6137,1,0
BRDA:56379,6138,0,0
BRDA:56379,6138,1,0
BRDA:56385,6139,0,0
BRDA:56385,6139,1,0
BRDA:56389,6140,0,0
BRDA:56389,6140,1,0
BRDA:56389,6141,0,0
BRDA:56389,6141,1,0
BRDA:56389,6141,2,0
BRDA:56397,6142,0,0
BRDA:56397,6142,1,0
BRDA:56397,6143,0,0
BRDA:56397,6143,1,0
BRDA:56406,6144,0,0
BRDA:56406,6144,1,0
BRDA:56420,6145,0,0
BRDA:56420,6145,1,0
BRDA:56420,6146,0,0
BRDA:56420,6146,1,0
BRDA:56421,6147,0,0
BRDA:56421,6147,1,0
BRDA:56423,6148,0,0
BRDA:56423,6148,1,0
BRDA:56425,6149,0,0
BRDA:56425,6149,1,0
BRDA:56426,6150,0,0
BRDA:56426,6150,1,0
BRDA:56427,6151,0,0
BRDA:56427,6151,1,0
BRDA:56428,6152,0,0
BRDA:56428,6152,1,0
BRDA:56436,6153,0,0
BRDA:56436,6153,1,0
BRDA:56438,6154,0,0
BRDA:56438,6154,1,0
BRDA:56441,6155,0,0
BRDA:56441,6155,1,0
BRDA:56441,6156,0,0
BRDA:56441,6156,1,0
BRDA:56442,6157,0,0
BRDA:56442,6157,1,0
BRDA:56443,6158,0,0
BRDA:56443,6158,1,0
BRDA:56447,6159,0,0
BRDA:56447,6159,1,0
BRDA:56452,6160,0,0
BRDA:56452,6160,1,0
BRDA:56453,6161,0,0
BRDA:56453,6161,1,0
BRDA:56453,6161,2,0
BRDA:56454,6162,0,0
BRDA:56454,6162,1,0
BRDA:56454,6162,2,0
BRDA:56454,6162,3,0
BRDA:56456,6163,0,0
BRDA:56456,6163,1,0
BRDA:56456,6163,2,0
BRDA:56457,6164,0,0
BRDA:56457,6164,1,0
BRDA:56457,6164,2,0
BRDA:56458,6165,0,0
BRDA:56458,6165,1,0
BRDA:56464,6166,0,0
BRDA:56464,6166,1,0
BRDA:56468,6167,0,0
BRDA:56468,6167,1,0
BRDA:56469,6168,0,0
BRDA:56469,6168,1,0
BRDA:56474,6169,0,0
BRDA:56474,6169,1,0
BRDA:56478,6170,0,0
BRDA:56478,6170,1,0
BRDA:56479,6171,0,0
BRDA:56479,6171,1,0
BRDA:56485,6172,0,0
BRDA:56485,6172,1,0
BRDA:56485,6172,2,0
BRDA:56488,6173,0,0
BRDA:56488,6173,1,0
BRDA:56490,6174,0,0
BRDA:56490,6174,1,0
BRDA:56490,6175,0,0
BRDA:56490,6175,1,0
BRDA:56491,6176,0,0
BRDA:56491,6176,1,0
BRDA:56491,6177,0,0
BRDA:56491,6177,1,0
BRDA:56495,6178,0,0
BRDA:56495,6178,1,0
BRDA:56498,6179,0,0
BRDA:56498,6179,1,0
BRDA:56503,6180,0,0
BRDA:56503,6180,1,0
BRDA:56507,6181,0,0
BRDA:56507,6181,1,0
BRDA:56512,6182,0,0
BRDA:56512,6182,1,0
BRDA:56512,6183,0,0
BRDA:56512,6183,1,0
BRDA:56514,6184,0,0
BRDA:56514,6184,1,0
BRDA:56523,6185,0,0
BRDA:56523,6185,1,0
BRDA:56523,6186,0,0
BRDA:56523,6186,1,0
BRDA:56524,6187,0,0
BRDA:56524,6187,1,0
BRDA:56524,6188,0,0
BRDA:56524,6188,1,0
BRDA:56531,6189,0,0
BRDA:56531,6189,1,0
BRDA:56536,6190,0,0
BRDA:56536,6190,1,0
BRDA:56550,6191,0,0
BRDA:56550,6191,1,0
BRDA:56550,6191,2,0
BRDA:56550,6191,3,0
BRDA:56550,6191,4,0
BRDA:56550,6191,5,0
BRDA:56558,6192,0,0
BRDA:56558,6192,1,0
BRDA:56560,6193,0,0
BRDA:56560,6193,1,0
BRDA:56563,6194,0,0
BRDA:56563,6194,1,0
BRDA:56570,6195,0,0
BRDA:56570,6195,1,0
BRDA:56570,6196,0,0
BRDA:56570,6196,1,0
BRDA:56576,6197,0,0
BRDA:56576,6197,1,0
BRDA:56576,6198,0,0
BRDA:56576,6198,1,0
BRDA:56576,6198,2,0
BRDA:56576,6198,3,0
BRDA:56580,6199,0,0
BRDA:56580,6199,1,0
BRDA:56580,6200,0,0
BRDA:56580,6200,1,0
BRDA:56584,6201,0,0
BRDA:56584,6201,1,0
BRDA:56584,6201,2,0
BRDA:56586,6202,0,0
BRDA:56586,6202,1,0
BRDA:56587,6203,0,0
BRDA:56587,6203,1,0
BRDA:56587,6204,0,0
BRDA:56587,6204,1,0
BRDA:56591,6205,0,0
BRDA:56591,6205,1,0
BRDA:56591,6206,0,0
BRDA:56591,6206,1,0
BRDA:56593,6207,0,0
BRDA:56593,6207,1,0
BRDA:56599,6208,0,0
BRDA:56599,6208,1,0
BRDA:56599,6208,2,0
BRDA:56601,6209,0,0
BRDA:56601,6209,1,0
BRDA:56601,6210,0,0
BRDA:56601,6210,1,0
BRDA:56605,6211,0,0
BRDA:56605,6211,1,0
BRDA:56613,6212,0,0
BRDA:56613,6212,1,0
BRDA:56613,6213,0,0
BRDA:56613,6213,1,0
BRDA:56614,6214,0,0
BRDA:56614,6214,1,0
BRDA:56614,6215,0,0
BRDA:56614,6215,1,0
BRDA:56617,6216,0,0
BRDA:56617,6216,1,0
BRDA:56618,6217,0,0
BRDA:56618,6217,1,0
BRDA:56627,6218,0,0
BRDA:56627,6218,1,0
BRDA:56630,6219,0,0
BRDA:56630,6219,1,0
BRDA:56637,6220,0,0
BRDA:56637,6220,1,0
BRDA:56657,6221,0,0
BRDA:56657,6221,1,0
BRDA:56679,6222,0,0
BRDA:56679,6222,1,0
BRDA:56684,6223,0,0
BRDA:56684,6223,1,0
BRDA:56686,6224,0,0
BRDA:56686,6224,1,0
BRDA:56686,6225,0,0
BRDA:56686,6225,1,0
BRDA:56688,6226,0,0
BRDA:56688,6226,1,0
BRDA:56689,6227,0,0
BRDA:56689,6227,1,0
BRDA:56689,6227,2,0
BRDA:56694,6228,0,0
BRDA:56694,6228,1,0
BRDA:56694,6229,0,0
BRDA:56694,6229,1,0
BRDA:56697,6230,0,0
BRDA:56697,6230,1,0
BRDA:56697,6231,0,0
BRDA:56697,6231,1,0
BRDA:56736,6232,0,0
BRDA:56736,6232,1,0
BRDA:56739,6233,0,0
BRDA:56739,6233,1,0
BRDA:56750,6234,0,0
BRDA:56750,6234,1,0
BRDA:56764,6235,0,0
BRDA:56764,6235,1,0
BRDA:56770,6236,0,0
BRDA:56770,6236,1,0
BRDA:56774,6237,0,0
BRDA:56774,6237,1,0
BRDA:56799,6238,0,0
BRDA:56799,6238,1,0
BRDA:56802,6239,0,0
BRDA:56802,6239,1,0
BRDA:56820,6240,0,0
BRDA:56820,6240,1,0
BRDA:56825,6241,0,0
BRDA:56825,6241,1,0
BRDA:56859,6242,0,0
BRDA:56859,6242,1,0
BRDA:56870,6243,0,0
BRDA:56870,6243,1,0
BRDA:56877,6244,0,0
BRDA:56877,6244,1,0
BRDA:56883,6245,0,0
BRDA:56883,6245,1,0
BRDA:56889,6246,0,0
BRDA:56889,6246,1,0
BRDA:56904,6247,0,0
BRDA:56904,6247,1,0
BRDA:56904,6248,0,0
BRDA:56904,6248,1,0
BRDA:56940,6249,0,0
BRDA:56940,6249,1,0
BRDA:56945,6250,0,0
BRDA:56945,6250,1,0
BRDA:56952,6251,0,0
BRDA:56952,6251,1,0
BRDA:56952,6252,0,0
BRDA:56952,6252,1,0
BRDA:56957,6253,0,0
BRDA:56957,6253,1,0
BRDA:56957,6254,0,0
BRDA:56957,6254,1,0
BRDA:56969,6255,0,0
BRDA:56969,6255,1,0
BRDA:56987,6256,0,0
BRDA:56987,6256,1,0
BRDA:56987,6256,2,0
BRDA:56987,6256,3,0
BRDA:56987,6256,4,0
BRDA:56987,6256,5,0
BRDA:56993,6257,0,0
BRDA:56993,6257,1,0
BRDA:57000,6258,0,0
BRDA:57000,6258,1,0
BRDA:57001,6259,0,0
BRDA:57001,6259,1,0
BRDA:57003,6260,0,0
BRDA:57003,6260,1,0
BRDA:57005,6261,0,0
BRDA:57005,6261,1,0
BRDA:57013,6262,0,0
BRDA:57013,6262,1,0
BRDA:57014,6263,0,0
BRDA:57014,6263,1,0
BRDA:57015,6264,0,0
BRDA:57015,6264,1,0
BRDA:57030,6265,0,0
BRDA:57030,6265,1,0
BRDA:57032,6266,0,0
BRDA:57032,6266,1,0
BRF:13650
BRH:0
end_of_record
